This is XeTeX, Version 3.141592653-2.6-0.999995 (MiKTeX 24.1) (preloaded format=xelatex 2025.12.2)  2 DEC 2025 12:02
entering extended mode
 restricted \write18 enabled.
 %&-line parsing enabled.
**./BaoCao_PhanMoRong.tex
(BaoCao_PhanMoRong.tex
LaTeX2e <2023-11-01> patch level 1
L3 programming layer <2024-01-04>
(C:\Users\Admin\AppData\Local\Programs\MiKTeX\tex/latex/base\article.cls
Document Class: article 2023/05/17 v1.4n Standard LaTeX document class
(C:\Users\Admin\AppData\Local\Programs\MiKTeX\tex/latex/base\size12.clo
File: size12.clo 2023/05/17 v1.4n Standard LaTeX file (size option)
)
\c@part=\count183
\c@section=\count184
\c@subsection=\count185
\c@subsubsection=\count186
\c@paragraph=\count187
\c@subparagraph=\count188
\c@figure=\count189
\c@table=\count190
\abovecaptionskip=\skip48
\belowcaptionskip=\skip49
\bibindent=\dimen140
)
(C:\Users\Admin\AppData\Local\Programs\MiKTeX\tex/latex/vntex\vietnam.sty
Package: vietnam 2009/07/12 v1.3 support for Vietnamese

(C:\Users\Admin\AppData\Local\Programs\MiKTeX\tex/latex/base\ifthen.sty
Package: ifthen 2022/04/13 v1.1d Standard LaTeX ifthen package (DPC)
)
(C:\Users\Admin\AppData\Local\Programs\MiKTeX\tex/latex/base\fontenc.sty
Package: fontenc 2021/04/29 v2.0v Standard LaTeX package

(C:\Users\Admin\AppData\Local\Programs\MiKTeX\tex/latex/vntex\t5enc.def
File: t5enc.def 2006/11/21 v1.4 Vietnamese T5 encoding
)
LaTeX Font Info:    Trying to load font information for T5+lmr on input line 11
2.

(C:\Users\Admin\AppData\Local\Programs\MiKTeX\tex/latex/lm\t5lmr.fd
File: t5lmr.fd 2015/05/01 v1.6.1 Font defs for Latin Modern
))
(C:\Users\Admin\AppData\Local\Programs\MiKTeX\tex/latex/base\inputenc.sty
Package: inputenc 2021/02/14 v1.3d Input encoding file
\inpenc@prehook=\toks17
\inpenc@posthook=\toks18


Package inputenc Warning: inputenc package ignored with utf8 based engines.

) (C:\Users\Admin\AppData\Local\Programs\MiKTeX\tex/latex/vntex\vncaps.tex
File: vncaps.tex 2006/06/07 v1.1 Captions in Vietnamese
))
(C:\Users\Admin\AppData\Local\Programs\MiKTeX\tex/latex/amsmath\amsmath.sty
Package: amsmath 2023/05/13 v2.17o AMS math features
\@mathmargin=\skip50

For additional information on amsmath, use the `?' option.
(C:\Users\Admin\AppData\Local\Programs\MiKTeX\tex/latex/amsmath\amstext.sty
Package: amstext 2021/08/26 v2.01 AMS text

(C:\Users\Admin\AppData\Local\Programs\MiKTeX\tex/latex/amsmath\amsgen.sty
File: amsgen.sty 1999/11/30 v2.0 generic functions
\@emptytoks=\toks19
\ex@=\dimen141
))
(C:\Users\Admin\AppData\Local\Programs\MiKTeX\tex/latex/amsmath\amsbsy.sty
Package: amsbsy 1999/11/29 v1.2d Bold Symbols
\pmbraise@=\dimen142
)
(C:\Users\Admin\AppData\Local\Programs\MiKTeX\tex/latex/amsmath\amsopn.sty
Package: amsopn 2022/04/08 v2.04 operator names
)
\inf@bad=\count191
LaTeX Info: Redefining \frac on input line 234.
\uproot@=\count192
\leftroot@=\count193
LaTeX Info: Redefining \overline on input line 399.
LaTeX Info: Redefining \colon on input line 410.
\classnum@=\count194
\DOTSCASE@=\count195
LaTeX Info: Redefining \ldots on input line 496.
LaTeX Info: Redefining \dots on input line 499.
LaTeX Info: Redefining \cdots on input line 620.
\Mathstrutbox@=\box51
\strutbox@=\box52
LaTeX Info: Redefining \big on input line 722.
LaTeX Info: Redefining \Big on input line 723.
LaTeX Info: Redefining \bigg on input line 724.
LaTeX Info: Redefining \Bigg on input line 725.
\big@size=\dimen143
LaTeX Font Info:    Redeclaring font encoding OML on input line 743.
LaTeX Font Info:    Redeclaring font encoding OMS on input line 744.
\macc@depth=\count196
LaTeX Info: Redefining \bmod on input line 905.
LaTeX Info: Redefining \pmod on input line 910.
LaTeX Info: Redefining \smash on input line 940.
LaTeX Info: Redefining \relbar on input line 970.
LaTeX Info: Redefining \Relbar on input line 971.
\c@MaxMatrixCols=\count197
\dotsspace@=\muskip16
\c@parentequation=\count198
\dspbrk@lvl=\count199
\tag@help=\toks20
\row@=\count266
\column@=\count267
\maxfields@=\count268
\andhelp@=\toks21
\eqnshift@=\dimen144
\alignsep@=\dimen145
\tagshift@=\dimen146
\tagwidth@=\dimen147
\totwidth@=\dimen148
\lineht@=\dimen149
\@envbody=\toks22
\multlinegap=\skip51
\multlinetaggap=\skip52
\mathdisplay@stack=\toks23
LaTeX Info: Redefining \[ on input line 2953.
LaTeX Info: Redefining \] on input line 2954.
)
(C:\Users\Admin\AppData\Local\Programs\MiKTeX\tex/latex/graphics\graphicx.sty
Package: graphicx 2021/09/16 v1.2d Enhanced LaTeX Graphics (DPC,SPQR)

(C:\Users\Admin\AppData\Local\Programs\MiKTeX\tex/latex/graphics\keyval.sty
Package: keyval 2022/05/29 v1.15 key=value parser (DPC)
\KV@toks@=\toks24
)
(C:\Users\Admin\AppData\Local\Programs\MiKTeX\tex/latex/graphics\graphics.sty
Package: graphics 2022/03/10 v1.4e Standard LaTeX Graphics (DPC,SPQR)

(C:\Users\Admin\AppData\Local\Programs\MiKTeX\tex/latex/graphics\trig.sty
Package: trig 2021/08/11 v1.11 sin cos tan (DPC)
)
(C:\Users\Admin\AppData\Local\Programs\MiKTeX\tex/latex/graphics-cfg\graphics.c
fg
File: graphics.cfg 2016/06/04 v1.11 sample graphics configuration
)
Package graphics Info: Driver file: xetex.def on input line 107.

(C:\Users\Admin\AppData\Local\Programs\MiKTeX\tex/latex/graphics-def\xetex.def
File: xetex.def 2022/09/22 v5.0n Graphics/color driver for xetex
))
\Gin@req@height=\dimen150
\Gin@req@width=\dimen151
)
(C:\Users\Admin\AppData\Local\Programs\MiKTeX\tex/latex/hyperref\hyperref.sty
Package: hyperref 2023-11-26 v7.01g Hypertext links for LaTeX

(C:\Users\Admin\AppData\Local\Programs\MiKTeX\tex/generic/iftex\iftex.sty
Package: iftex 2022/02/03 v1.0f TeX engine tests
)
(C:\Users\Admin\AppData\Local\Programs\MiKTeX\tex/generic/infwarerr\infwarerr.s
ty
Package: infwarerr 2019/12/03 v1.5 Providing info/warning/error messages (HO)
)
(C:\Users\Admin\AppData\Local\Programs\MiKTeX\tex/latex/kvsetkeys\kvsetkeys.sty
Package: kvsetkeys 2022-10-05 v1.19 Key value parser (HO)
)
(C:\Users\Admin\AppData\Local\Programs\MiKTeX\tex/generic/kvdefinekeys\kvdefine
keys.sty
Package: kvdefinekeys 2019-12-19 v1.6 Define keys (HO)
)
(C:\Users\Admin\AppData\Local\Programs\MiKTeX\tex/generic/pdfescape\pdfescape.s
ty
Package: pdfescape 2019/12/09 v1.15 Implements pdfTeX's escape features (HO)

(C:\Users\Admin\AppData\Local\Programs\MiKTeX\tex/generic/ltxcmds\ltxcmds.sty
Package: ltxcmds 2023-12-04 v1.26 LaTeX kernel commands for general use (HO)
)
(C:\Users\Admin\AppData\Local\Programs\MiKTeX\tex/generic/pdftexcmds\pdftexcmds
.sty
Package: pdftexcmds 2020-06-27 v0.33 Utility functions of pdfTeX for LuaTeX (HO
)
Package pdftexcmds Info: \pdf@primitive is available.
Package pdftexcmds Info: \pdf@ifprimitive is available.
Package pdftexcmds Info: \pdfdraftmode not found.
))
(C:\Users\Admin\AppData\Local\Programs\MiKTeX\tex/latex/hycolor\hycolor.sty
Package: hycolor 2020-01-27 v1.10 Color options for hyperref/bookmark (HO)
)
(C:\Users\Admin\AppData\Local\Programs\MiKTeX\tex/latex/letltxmacro\letltxmacro
.sty
Package: letltxmacro 2019/12/03 v1.6 Let assignment for LaTeX macros (HO)
)
(C:\Users\Admin\AppData\Local\Programs\MiKTeX\tex/latex/auxhook\auxhook.sty
Package: auxhook 2019-12-17 v1.6 Hooks for auxiliary files (HO)
)
(C:\Users\Admin\AppData\Local\Programs\MiKTeX\tex/latex/hyperref\nameref.sty
Package: nameref 2023-11-26 v2.56 Cross-referencing by name of section

(C:\Users\Admin\AppData\Local\Programs\MiKTeX\tex/latex/refcount\refcount.sty
Package: refcount 2019/12/15 v3.6 Data extraction from label references (HO)
)
(C:\Users\Admin\AppData\Local\Programs\MiKTeX\tex/generic/gettitlestring\gettit
lestring.sty
Package: gettitlestring 2019/12/15 v1.6 Cleanup title references (HO)

(C:\Users\Admin\AppData\Local\Programs\MiKTeX\tex/latex/kvoptions\kvoptions.sty
Package: kvoptions 2022-06-15 v3.15 Key value format for package options (HO)
))
\c@section@level=\count269
)
(C:\Users\Admin\AppData\Local\Programs\MiKTeX\tex/latex/etoolbox\etoolbox.sty
Package: etoolbox 2020/10/05 v2.5k e-TeX tools for LaTeX (JAW)
\etb@tempcnta=\count270
)
\@linkdim=\dimen152
\Hy@linkcounter=\count271
\Hy@pagecounter=\count272

(C:\Users\Admin\AppData\Local\Programs\MiKTeX\tex/latex/hyperref\pd1enc.def
File: pd1enc.def 2023-11-26 v7.01g Hyperref: PDFDocEncoding definition (HO)
)
(C:\Users\Admin\AppData\Local\Programs\MiKTeX\tex/generic/intcalc\intcalc.sty
Package: intcalc 2019/12/15 v1.3 Expandable calculations with integers (HO)
)
\Hy@SavedSpaceFactor=\count273

(C:\Users\Admin\AppData\Local\Programs\MiKTeX\tex/latex/hyperref\puenc.def
File: puenc.def 2023-11-26 v7.01g Hyperref: PDF Unicode definition (HO)
)
Package hyperref Info: Hyper figures OFF on input line 4181.
Package hyperref Info: Link nesting OFF on input line 4186.
Package hyperref Info: Hyper index ON on input line 4189.
Package hyperref Info: Plain pages OFF on input line 4196.
Package hyperref Info: Backreferencing OFF on input line 4201.
Package hyperref Info: Implicit mode ON; LaTeX internals redefined.
Package hyperref Info: Bookmarks ON on input line 4448.
\c@Hy@tempcnt=\count274

(C:\Users\Admin\AppData\Local\Programs\MiKTeX\tex/latex/url\url.sty
\Urlmuskip=\muskip17
Package: url 2013/09/16  ver 3.4  Verb mode for urls, etc.
)
LaTeX Info: Redefining \url on input line 4786.
\XeTeXLinkMargin=\dimen153

(C:\Users\Admin\AppData\Local\Programs\MiKTeX\tex/generic/bitset\bitset.sty
Package: bitset 2019/12/09 v1.3 Handle bit-vector datatype (HO)

(C:\Users\Admin\AppData\Local\Programs\MiKTeX\tex/generic/bigintcalc\bigintcalc
.sty
Package: bigintcalc 2019/12/15 v1.5 Expandable calculations on big integers (HO
)
))
\Fld@menulength=\count275
\Field@Width=\dimen154
\Fld@charsize=\dimen155
Package hyperref Info: Hyper figures OFF on input line 6065.
Package hyperref Info: Link nesting OFF on input line 6070.
Package hyperref Info: Hyper index ON on input line 6073.
Package hyperref Info: backreferencing OFF on input line 6080.
Package hyperref Info: Link coloring OFF on input line 6085.
Package hyperref Info: Link coloring with OCG OFF on input line 6090.
Package hyperref Info: PDF/A mode OFF on input line 6095.

(C:\Users\Admin\AppData\Local\Programs\MiKTeX\tex/latex/base\atbegshi-ltx.sty
Package: atbegshi-ltx 2021/01/10 v1.0c Emulation of the original atbegshi
package with kernel methods
)
\Hy@abspage=\count276
\c@Item=\count277
\c@Hfootnote=\count278
)
Package hyperref Info: Driver (autodetected): hxetex.
(C:\Users\Admin\AppData\Local\Programs\MiKTeX\tex/latex/hyperref\hxetex.def
File: hxetex.def 2023-11-26 v7.01g Hyperref driver for XeTeX

(C:\Users\Admin\AppData\Local\Programs\MiKTeX\tex/generic/stringenc\stringenc.s
ty
Package: stringenc 2019/11/29 v1.12 Convert strings between diff. encodings (HO
)
)
\pdfm@box=\box53
\c@Hy@AnnotLevel=\count279
\HyField@AnnotCount=\count280
\Fld@listcount=\count281
\c@bookmark@seq@number=\count282

(C:\Users\Admin\AppData\Local\Programs\MiKTeX\tex/latex/rerunfilecheck\rerunfil
echeck.sty
Package: rerunfilecheck 2025-06-21 v1.11 Rerun checks for auxiliary files (HO)

(C:\Users\Admin\AppData\Local\Programs\MiKTeX\tex/generic/uniquecounter\uniquec
ounter.sty
Package: uniquecounter 2019/12/15 v1.4 Provide unlimited unique counter (HO)
)
Package uniquecounter Info: New unique counter `rerunfilecheck' on input line 2
84.
)
\Hy@SectionHShift=\skip53
)
(C:\Users\Admin\AppData\Local\Programs\MiKTeX\tex/latex/listings\listings.sty
\lst@mode=\count283
\lst@gtempboxa=\box54
\lst@token=\toks25
\lst@length=\count284
\lst@currlwidth=\dimen156
\lst@column=\count285
\lst@pos=\count286
\lst@lostspace=\dimen157
\lst@width=\dimen158
\lst@newlines=\count287
\lst@lineno=\count288
\lst@maxwidth=\dimen159

(C:\Users\Admin\AppData\Local\Programs\MiKTeX\tex/latex/listings\lstmisc.sty
File: lstmisc.sty 2023/02/27 1.9 (Carsten Heinz)
\c@lstnumber=\count289
\lst@skipnumbers=\count290
\lst@framebox=\box55
)
(C:\Users\Admin\AppData\Local\Programs\MiKTeX\tex/latex/listings\listings.cfg
File: listings.cfg 2023/02/27 1.9 listings configuration
))
Package: listings 2023/02/27 1.9 (Carsten Heinz)
(C:\Users\Admin\AppData\Local\Programs\MiKTeX\tex/latex/xcolor\xcolor.sty
Package: xcolor 2023/11/15 v3.01 LaTeX color extensions (UK)

(C:\Users\Admin\AppData\Local\Programs\MiKTeX\tex/latex/graphics-cfg\color.cfg
File: color.cfg 2016/01/02 v1.6 sample color configuration
)
Package xcolor Info: Driver file: xetex.def on input line 274.
(C:\Users\Admin\AppData\Local\Programs\MiKTeX\tex/latex/graphics\mathcolor.ltx)
Package xcolor Info: Model `cmy' substituted by `cmy0' on input line 1350.
Package xcolor Info: Model `RGB' extended on input line 1366.
Package xcolor Info: Model `HTML' substituted by `rgb' on input line 1368.
Package xcolor Info: Model `Hsb' substituted by `hsb' on input line 1369.
Package xcolor Info: Model `tHsb' substituted by `hsb' on input line 1370.
Package xcolor Info: Model `HSB' substituted by `hsb' on input line 1371.
Package xcolor Info: Model `Gray' substituted by `gray' on input line 1372.
Package xcolor Info: Model `wave' substituted by `hsb' on input line 1373.
) (C:\Users\Admin\AppData\Local\Programs\MiKTeX\tex/latex/geometry\geometry.sty
Package: geometry 2020/01/02 v5.9 Page Geometry
(C:\Users\Admin\AppData\Local\Programs\MiKTeX\tex/generic/iftex\ifvtex.sty
Package: ifvtex 2019/10/25 v1.7 ifvtex legacy package. Use iftex instead.
)
\Gm@cnth=\count291
\Gm@cntv=\count292
\c@Gm@tempcnt=\count293
\Gm@bindingoffset=\dimen160
\Gm@wd@mp=\dimen161
\Gm@odd@mp=\dimen162
\Gm@even@mp=\dimen163
\Gm@layoutwidth=\dimen164
\Gm@layoutheight=\dimen165
\Gm@layouthoffset=\dimen166
\Gm@layoutvoffset=\dimen167
\Gm@dimlist=\toks26

(C:\Users\Admin\AppData\Local\Programs\MiKTeX\tex/latex/geometry\geometry.cfg))
(C:\Users\Admin\AppData\Local\Programs\MiKTeX\tex/latex/tools\array.sty
Package: array 2023/10/16 v2.5g Tabular extension package (FMi)
\col@sep=\dimen168
\ar@mcellbox=\box56
\extrarowheight=\dimen169
\NC@list=\toks27
\extratabsurround=\skip54
\backup@length=\skip55
\ar@cellbox=\box57
)
(C:\Users\Admin\AppData\Local\Programs\MiKTeX\tex/latex/booktabs\booktabs.sty
Package: booktabs 2020/01/12 v1.61803398 Publication quality tables
\heavyrulewidth=\dimen170
\lightrulewidth=\dimen171
\cmidrulewidth=\dimen172
\belowrulesep=\dimen173
\belowbottomsep=\dimen174
\aboverulesep=\dimen175
\abovetopsep=\dimen176
\cmidrulesep=\dimen177
\cmidrulekern=\dimen178
\defaultaddspace=\dimen179
\@cmidla=\count294
\@cmidlb=\count295
\@aboverulesep=\dimen180
\@belowrulesep=\dimen181
\@thisruleclass=\count296
\@lastruleclass=\count297
\@thisrulewidth=\dimen182
)
(C:\Users\Admin\AppData\Local\Programs\MiKTeX\tex/latex/tools\longtable.sty
Package: longtable 2023-11-01 v4.19 Multi-page Table package (DPC)
\LTleft=\skip56
\LTright=\skip57
\LTpre=\skip58
\LTpost=\skip59
\LTchunksize=\count298
\LTcapwidth=\dimen183
\LT@head=\box58
\LT@firsthead=\box59
\LT@foot=\box60
\LT@lastfoot=\box61
\LT@gbox=\box62
\LT@cols=\count299
\LT@rows=\count300
\c@LT@tables=\count301
\c@LT@chunks=\count302
\LT@p@ftn=\toks28
)
(C:\Users\Admin\AppData\Local\Programs\MiKTeX\tex/latex/l3backend\l3backend-xet
ex.def
File: l3backend-xetex.def 2024-01-04 L3 backend support: XeTeX
\g__graphics_track_int=\count303
\l__pdf_internal_box=\box63
\g__pdf_backend_object_int=\count304
\g__pdf_backend_annotation_int=\count305
\g__pdf_backend_link_int=\count306
) (BaoCao_PhanMoRong.aux)
\openout1 = `BaoCao_PhanMoRong.aux'.

LaTeX Font Info:    Checking defaults for OML/cmm/m/it on input line 28.
LaTeX Font Info:    ... okay on input line 28.
LaTeX Font Info:    Checking defaults for OMS/cmsy/m/n on input line 28.
LaTeX Font Info:    ... okay on input line 28.
LaTeX Font Info:    Checking defaults for OT1/cmr/m/n on input line 28.
LaTeX Font Info:    ... okay on input line 28.
LaTeX Font Info:    Checking defaults for T1/cmr/m/n on input line 28.
LaTeX Font Info:    ... okay on input line 28.
LaTeX Font Info:    Checking defaults for TS1/cmr/m/n on input line 28.
LaTeX Font Info:    Trying to load font information for TS1+cmr on input line 2
8.

(C:\Users\Admin\AppData\Local\Programs\MiKTeX\tex/latex/base\ts1cmr.fd
File: ts1cmr.fd 2023/04/13 v2.5m Standard LaTeX font definitions
)
LaTeX Font Info:    ... okay on input line 28.
LaTeX Font Info:    Checking defaults for TU/lmr/m/n on input line 28.
LaTeX Font Info:    ... okay on input line 28.
LaTeX Font Info:    Checking defaults for OMX/cmex/m/n on input line 28.
LaTeX Font Info:    ... okay on input line 28.
LaTeX Font Info:    Checking defaults for U/cmr/m/n on input line 28.
LaTeX Font Info:    ... okay on input line 28.
LaTeX Font Info:    Checking defaults for T5/cmr/m/n on input line 28.
LaTeX Font Info:    Trying to load font information for T5+cmr on input line 28
.

(C:\Users\Admin\AppData\Local\Programs\MiKTeX\tex/latex/vntex\t5cmr.fd
File: t5cmr.fd 1999/05/25 v2.5h Standard LaTeX font definitions
)
LaTeX Font Info:    ... okay on input line 28.
LaTeX Font Info:    Checking defaults for PD1/pdf/m/n on input line 28.
LaTeX Font Info:    ... okay on input line 28.
LaTeX Font Info:    Checking defaults for PU/pdf/m/n on input line 28.
LaTeX Font Info:    ... okay on input line 28.
Package hyperref Info: Link coloring OFF on input line 28.

(BaoCao_PhanMoRong.out) (BaoCao_PhanMoRong.out)
\@outlinefile=\write3
\openout3 = `BaoCao_PhanMoRong.out'.

\c@lstlisting=\count307

*geometry* driver: auto-detecting
*geometry* detected driver: xetex
*geometry* verbose mode - [ preamble ] result:
* driver: xetex
* paper: a4paper
* layout: <same size as paper>
* layoutoffset:(h,v)=(0.0pt,0.0pt)
* modes: 
* h-part:(L,W,R)=(85.35826pt, 455.24411pt, 56.9055pt)
* v-part:(T,H,B)=(56.9055pt, 731.23584pt, 56.9055pt)
* \paperwidth=597.50787pt
* \paperheight=845.04684pt
* \textwidth=455.24411pt
* \textheight=731.23584pt
* \oddsidemargin=13.08827pt
* \evensidemargin=13.08827pt
* \topmargin=-52.36449pt
* \headheight=12.0pt
* \headsep=25.0pt
* \topskip=12.0pt
* \footskip=30.0pt
* \marginparwidth=35.0pt
* \marginparsep=10.0pt
* \columnsep=10.0pt
* \skip\footins=10.8pt plus 4.0pt minus 2.0pt
* \hoffset=0.0pt
* \voffset=0.0pt
* \mag=1000
* \@twocolumnfalse
* \@twosidefalse
* \@mparswitchfalse
* \@reversemarginfalse
* (1in=72.27pt=25.4mm, 1cm=28.453pt)

Missing character: There is no Ầ in font t5-lmbx12!
Missing character: There is no Ở in font t5-lmbx12!
Missing character: There is no Ộ in font t5-lmbx12!
Missing character: There is no ầ in font t5-lmr12!
Missing character: There is no ự in font t5-lmr12!
Missing character: There is no ệ in font t5-lmr12!
Missing character: There is no ạ in font t5-lmr12!
Missing character: There is no ể in font t5-lmr12!
Missing character: There is no ử in font t5-lmr12!
Missing character: There is no đ in font t5-lmr12!
Missing character: There is no ể in font t5-lmr12!
Missing character: There is no đ in font t5-lmr12!
Missing character: There is no ả in font t5-lmr12!
Missing character: There is no ă in font t5-lmr12!
Missing character: There is no ị in font t5-lmr12!
Missing character: There is no ả in font t5-lmr12!
Missing character: There is no ệ in font t5-lmr12!
Missing character: There is no ă in font t5-lmr12!
Missing character: There is no ủ in font t5-lmr12!
Missing character: There is no ệ in font t5-lmr12!
Missing character: There is no ố in font t5-lmr12!
Missing character: There is no đ in font t5-lmr12!
Missing character: There is no ể in font t5-lmr12!
Missing character: There is no ể in font t5-lmr12!
Missing character: There is no ỗ in font t5-lmr12!
Missing character: There is no ổ in font t5-lmr12!
Missing character: There is no ả in font t5-lmr12!
Missing character: There is no ậ in font t5-lmr12!
Missing character: There is no ả in font t5-lmr12!
Missing character: There is no đ in font t5-lmr12!
Missing character: There is no ề in font t5-lmr12!
Missing character: There is no ầ in font t5-lmr12!
Missing character: There is no ọ in font t5-lmr12!
Missing character: There is no ể in font t5-lmr12!
Missing character: There is no ầ in font t5-lmr12!
Missing character: There is no ề in font t5-lmr12!
Missing character: There is no ệ in font t5-lmr12!
Missing character: There is no ầ in font t5-lmbx12!
Missing character: There is no ụ in font t5-lmbx12!
Missing character: There is no ầ in font t5-lmr12!
Missing character: There is no ủ in font t5-lmr12!
Missing character: There is no đ in font t5-lmr12!
Missing character: There is no ề in font t5-lmr12!
Missing character: There is no ậ in font t5-lmr12!
Missing character: There is no ớ in font t5-lmr12!
Missing character: There is no ầ in font t5-lmr12!
Missing character: There is no ự in font t5-lmr12!
Missing character: There is no ệ in font t5-lmr12!
Missing character: There is no ụ in font t5-lmr12!
Missing character: There is no ể in font t5-lmr12!
Missing character: There is no ử in font t5-lmr12!
Missing character: There is no ệ in font t5-lmr12!
Missing character: There is no ă in font t5-lmr12!
Missing character: There is no ặ in font t5-lmr12!
Missing character: There is no ế in font t5-lmr12!
Missing character: There is no ế in font t5-lmr12!
Missing character: There is no ế in font t5-lmr12!
Missing character: There is no ả in font t5-lmr12!
Missing character: There is no đ in font t5-lmr12!
Missing character: There is no ư in font t5-lmr12!
Missing character: There is no ụ in font t5-lmbx12!
Missing character: There is no ử in font t5-lmbx12!
Missing character: There is no ụ in font t5-lmbx12!
Missing character: There is no đ in font t5-lmr12!
Missing character: There is no ọ in font t5-lmr12!
Missing character: There is no ụ in font t5-lmr12!
Missing character: There is no ể in font t5-lmr12!
Missing character: There is no ử in font t5-lmr12!
Missing character: There is no ệ in font t5-lmr12!
Missing character: There is no ă in font t5-lmr12!
Missing character: There is no ệ in font t5-lmbx12!
Missing character: There is no đ in font t5-lmbx12!
Missing character: There is no ạ in font t5-lmbx12!
Missing character: There is no ế in font t5-lmr12!
Missing character: There is no ằ in font t5-lmr12!
Missing character: There is no ễ in font t5-lmr12!
Missing character: There is no ợ in font t5-lmr12!
Missing character: There is no ớ in font t5-lmr12!
Missing character: There is no ệ in font t5-lmr12!
Missing character: There is no ạ in font t5-lmr12!
Missing character: There is no ự in font t5-lmr12!
Missing character: There is no ế in font t5-lmr12!
Missing character: There is no ừ in font t5-lmr12!
Missing character: There is no ầ in font t5-lmr12!
Missing character: There is no ứ in font t5-lmr12!
Missing character: There is no ạ in font t5-lmr12!
Missing character: There is no ư in font t5-lmr12!
Missing character: There is no ỗ in font t5-lmr12!
Missing character: There is no ợ in font t5-lmr12!
Missing character: There is no ấ in font t5-lmr12!
Missing character: There is no ế in font t5-lmr12!
Missing character: There is no ả in font t5-lmr12!
Missing character: There is no ễ in font t5-lmr12!
Missing character: There is no ợ in font t5-lmr12!
Missing character: There is no ệ in font t5-lmbx12!
Missing character: There is no ấ in font t5-lmbx12!
Missing character: There is no ế in font t5-lmr12!
Missing character: There is no ằ in font t5-lmr12!
Missing character: There is no ử in font t5-lmr12!
Missing character: There is no đ in font t5-lmr12!
Missing character: There is no ư in font t5-lmr12!
Missing character: There is no ợ in font t5-lmr12!
Missing character: There is no ố in font t5-lmbx12!
Missing character: There is no ế in font t5-lmbx12!
Missing character: There is no ấ in font t5-lmr12!
[1

]
Missing character: There is no đ in font t5-lmbx12!
Missing character: There is no ặ in font t5-lmbx12!
(C:\Users\Admin\AppData\Local\Programs\MiKTeX\tex/latex/listings\lstlang1.sty
File: lstlang1.sty 2023/02/27 1.9 listings language file
)
(C:\Users\Admin\AppData\Local\Programs\MiKTeX\tex/latex/listings\lstlang1.sty
File: lstlang1.sty 2023/02/27 1.9 listings language file
)
LaTeX Font Info:    Trying to load font information for T5+lmtt on input line 7
3.

(C:\Users\Admin\AppData\Local\Programs\MiKTeX\tex/latex/lm\t5lmtt.fd
File: t5lmtt.fd 2015/05/01 v1.6.1 Font defs for Latin Modern
)
LaTeX Font Info:    Font shape `T5/lmtt/bx/n' in size <10.95> not available
(Font)              Font shape `T5/lmtt/b/n' tried instead on input line 83.

Missing character: There is no ế in font t5-lmbx12!
Missing character: There is no ế in font t5-lmbx12!
Missing character: There is no ọ in font t5-lmr12!
Missing character: There is no ấ in font t5-lmr12!
Missing character: There is no ủ in font t5-lmr12!
Missing character: There is no ệ in font t5-lmr12!
Missing character: There is no ố in font t5-lmr12!
Missing character: There is no ử in font t5-lmr12!
Missing character: There is no ự in font t5-lmr12!
Missing character: There is no ư in font t5-lmr12!
Missing character: There is no ờ in font t5-lmr12!
Missing character: There is no ế in font t5-lmr12!
Missing character: There is no ế in font t5-lmr12!
Missing character: There is no đ in font t5-lmr12!
Missing character: There is no ể in font t5-lmr12!
Missing character: There is no ỏ in font t5-lmr12!
Missing character: There is no ả in font t5-lmr12!
Missing character: There is no ă in font t5-lmr12!
Missing character: There is no ầ in font t5-lmr12!
Missing character: There is no ả in font t5-lmr12!
Missing character: There is no ầ in font t5-lmr12!
Missing character: There is no ừ in font t5-lmr12!
Missing character: There is no ở in font t5-lmr12!
Missing character: There is no đ in font t5-lmr12!
Missing character: There is no ộ in font t5-lmr12!
Missing character: There is no đ in font t5-lmr12!
Missing character: There is no ế in font t5-lmr12!
Missing character: There is no ở in font t5-lmr12!
Missing character: There is no ụ in font t5-lmr12!
Missing character: There is no đ in font t5-lmr12!
Missing character: There is no ả in font t5-lmr12!
Missing character: There is no ă in font t5-lmr12!
Missing character: There is no ị in font t5-lmr12!
Missing character: There is no ả in font t5-lmr12!
Missing character: There is no ờ in font t5-lmr12!
Missing character: There is no ả in font t5-lmr12!
Missing character: There is no ồ in font t5-lmr12!
Missing character: There is no đ in font t5-lmr12!
Missing character: There is no ộ in font t5-lmr12!
Missing character: There is no ổ in font t5-lmr12!
Missing character: There is no đ in font t5-lmr12!
Missing character: There is no ị in font t5-lmr12!
Missing character: There is no ủ in font t5-lmr12!
Missing character: There is no đ in font t5-lmr12!
Missing character: There is no ề in font t5-lmr12!
Missing character: There is no ệ in font t5-lmr12!
Missing character: There is no ả in font t5-lmr12!
Missing character: There is no ụ in font t5-lmbx12!
Missing character: There is no đ in font t5-lmbx12!
Missing character: There is no ở in font t5-lmr12!
Missing character: There is no đ in font t5-lmr12!
Missing character: There is no ộ in font t5-lmr12!
Missing character: There is no ệ in font t5-lmr12!
Missing character: There is no ố in font t5-lmr12!
Missing character: There is no ă in font t5-lmr12!
Missing character: There is no ả in font t5-lmr12!
Missing character: There is no ế in font t5-lmr12!
Missing character: There is no ế in font t5-lmbx12!
Missing character: There is no ả in font t5-lmbx12!
Missing character: There is no ự in font t5-lmbx12!
Missing character: There is no Đ in font t5-lmri12!
Missing character: There is no ể in font t5-lmri12!
Missing character: There is no ạ in font t5-lmri12!
Missing character: There is no ử in font t5-lmri12!
Missing character: There is no ụ in font t5-lmri12!
Missing character: There is no ệ in font t5-lmri12!
Missing character: There is no ằ in font t5-lmbx12!
Missing character: There is no ứ in font t5-lmbx12!
Missing character: There is no ự in font t5-lmbx12!
Missing character: There is no ệ in font t5-lmbx12!
File: images/login_performance_test.png Graphic file (type bmp)
<images/login_performance_test.png>
Missing character: There is no ế in font t5-lmr12!
Missing character: There is no ả in font t5-lmr12!
Missing character: There is no ừ in font t5-lmr12!

LaTeX Warning: `h' float specifier changed to `ht'.

Missing character: There is no ế in font t5-lmbx12!
Missing character: There is no ả in font t5-lmbx12!
Missing character: There is no ắ in font t5-lmbx12!
Missing character: There is no ỉ in font t5-lmbx12!
Missing character: There is no ố in font t5-lmbx12!
Missing character: There is no ọ in font t5-lmbx12!
[2

]
Missing character: There is no ớ in font t5-lmr12!
Missing character: There is no Đ in font t5-lmbx12!
Missing character: There is no ế in font t5-lmbx12!
Missing character: There is no ờ in font t5-lmbx12!
Missing character: There is no ả in font t5-lmbx12!
Missing character: There is no ồ in font t5-lmbx12!
Missing character: There is no ấ in font t5-lmbx12!
Missing character: There is no ắ in font t5-lmbx12!
Missing character: There is no ấ in font t5-lmr12!
Missing character: There is no ố in font t5-lmr12!
Missing character: There is no ĩ in font t5-lmr12!
Missing character: There is no ư in font t5-lmr12!
Missing character: There is no ớ in font t5-lmr12!
Missing character: There is no ỉ in font t5-lmr12!
Missing character: There is no ả in font t5-lmr12!
Missing character: There is no ở in font t5-lmr12!
Missing character: There is no ờ in font t5-lmr12!
Missing character: There is no đ in font t5-lmr12!
Missing character: There is no ể in font t5-lmr12!
Missing character: There is no ổ in font t5-lmbx12!
Missing character: There is no đ in font t5-lmbx12!
Missing character: There is no ị in font t5-lmbx12!
Missing character: There is no ố in font t5-lmr12!
Missing character: There is no ố in font t5-lmr12!
Missing character: There is no ử in font t5-lmr12!
Missing character: There is no đ in font t5-lmr12!
Missing character: There is no ư in font t5-lmr12!
Missing character: There is no ợ in font t5-lmr12!
Missing character: There is no Đ in font t5-lmbx12!
Missing character: There is no ộ in font t5-lmbx12!
Missing character: There is no ậ in font t5-lmbx12!
Missing character: There is no ả in font t5-lmbx12!
Missing character: There is no ĩ in font t5-lmr12!
Missing character: There is no ấ in font t5-lmr12!
Missing character: There is no ạ in font t5-lmr12!
Missing character: There is no ệ in font t5-lmr12!
Missing character: There is no ố in font t5-lmr12!
Missing character: There is no ổ in font t5-lmr12!
Missing character: There is no đ in font t5-lmr12!
Missing character: There is no ị in font t5-lmr12!
Missing character: There is no ả in font t5-lmr12!
Missing character: There is no ở in font t5-lmr12!
[3]
Missing character: There is no ế in font t5-lmbx12!
Missing character: There is no ế in font t5-lmbx12!
Missing character: There is no ử in font t5-lmr12!
Missing character: There is no ụ in font t5-lmr12!
Missing character: There is no ấ in font t5-lmr12!
Missing character: There is no ư in font t5-lmr12!
Missing character: There is no ồ in font t5-lmr12!
Missing character: There is no ề in font t5-lmr12!
Missing character: There is no ỷ in font t5-lmr12!
Missing character: There is no ệ in font t5-lmr12!
Missing character: There is no ỏ in font t5-lmr12!
Missing character: There is no ự in font t5-lmr12!
Missing character: There is no ế in font t5-lmr12!
Missing character: There is no ư in font t5-lmr12!
Missing character: There is no ờ in font t5-lmr12!
Missing character: There is no ư in font t5-lmr12!
Missing character: There is no ờ in font t5-lmr12!
Missing character: There is no ả in font t5-lmr12!
Missing character: There is no ẩ in font t5-lmr12!
Missing character: There is no ề in font t5-lmr12!
Missing character: There is no ơ in font t5-lmr12!
Missing character: There is no ử in font t5-lmr12!
Missing character: There is no ế in font t5-lmbx12!
Missing character: There is no ả in font t5-lmbx12!
Missing character: There is no ự in font t5-lmbx12!
Missing character: There is no Đ in font t5-lmri12!
Missing character: There is no ể in font t5-lmri12!
Missing character: There is no ạ in font t5-lmri12!
Missing character: There is no ử in font t5-lmri12!
Missing character: There is no ụ in font t5-lmri12!
Missing character: There is no ệ in font t5-lmri12!
Missing character: There is no ằ in font t5-lmbx12!
Missing character: There is no ứ in font t5-lmbx12!
Missing character: There is no ự in font t5-lmbx12!
Missing character: There is no ệ in font t5-lmbx12!
File: images/product_performance_test.png Graphic file (type bmp)
<images/product_performance_test.png>
Missing character: There is no ế in font t5-lmr12!
Missing character: There is no ả in font t5-lmr12!
Missing character: There is no ừ in font t5-lmr12!
[4

]
Missing character: There is no ế in font t5-lmbx12!
Missing character: There is no ả in font t5-lmbx12!
Missing character: There is no ắ in font t5-lmbx12!
Missing character: There is no ỉ in font t5-lmbx12!
Missing character: There is no ố in font t5-lmbx12!
Missing character: There is no ọ in font t5-lmbx12!
Missing character: There is no ớ in font t5-lmr12!
Missing character: There is no Đ in font t5-lmbx12!
Missing character: There is no ế in font t5-lmbx12!
Missing character: There is no ệ in font t5-lmbx12!
Missing character: There is no ă in font t5-lmbx12!
Missing character: There is no ố in font t5-lmbx12!
Missing character: There is no ơ in font t5-lmbx12!
Missing character: There is no ơ in font t5-lmr12!
Missing character: There is no ớ in font t5-lmr12!
Missing character: There is no ơ in font t5-lmr12!
Missing character: There is no ờ in font t5-lmr12!
Missing character: There is no Đ in font t5-lmr12!
Missing character: There is no ề in font t5-lmr12!
Missing character: There is no ợ in font t5-lmr12!
Missing character: There is no ầ in font t5-lmr12!
Missing character: There is no ự in font t5-lmr12!
Missing character: There is no ỗ in font t5-lmr12!
Missing character: There is no ơ in font t5-lmbx12!
Missing character: There is no ộ in font t5-lmbx12!
Missing character: There is no ớ in font t5-lmr12!
Missing character: There is no ủ in font t5-lmr12!
Missing character: There is no ớ in font t5-lmr12!
Missing character: There is no ủ in font t5-lmr12!
Missing character: There is no ề in font t5-lmr12!
Missing character: There is no ớ in font t5-lmr12!
Missing character: There is no Đ in font t5-lmbx12!
Missing character: There is no ộ in font t5-lmbx12!
Missing character: There is no ậ in font t5-lmbx12!
Missing character: There is no ệ in font t5-lmbx12!
Missing character: There is no đ in font t5-lmbx12!
Missing character: There is no ố in font t5-lmbx12!
Missing character: There is no ấ in font t5-lmr12!
Missing character: There is no ả in font t5-lmr12!

Overfull \hbox (3.77196pt too wide) in paragraph at lines 249--250
[]\T5/lmr/m/n/12 Error rate = 0.00% cho tt c op-er-a-tions (CRE-ATE, READ, UP-D
ATE, DELETE) 
 []

Missing character: There is no ở in font t5-lmr12!
Missing character: There is no ụ in font t5-lmbx12!
Missing character: There is no đ in font t5-lmbx12!
Missing character: There is no đ in font t5-lmr12!
Missing character: There is no ư in font t5-lmr12!
Missing character: There is no ợ in font t5-lmr12!
Missing character: There is no ự in font t5-lmr12!
Missing character: There is no ệ in font t5-lmr12!
Missing character: There is no đ in font t5-lmr12!
Missing character: There is no ể in font t5-lmr12!
Missing character: There is no đ in font t5-lmr12!
Missing character: There is no ị in font t5-lmr12!
Missing character: There is no ư in font t5-lmr12!
Missing character: There is no ỡ in font t5-lmr12!
Missing character: There is no ố in font t5-lmr12!
Missing character: There is no đ in font t5-lmr12!
Missing character: There is no ệ in font t5-lmr12!
Missing character: There is no ố in font t5-lmr12!
Missing character: There is no ể in font t5-lmr12!
Missing character: There is no ị in font t5-lmr12!
Missing character: There is no ả in font t5-lmr12!
Missing character: There is no ư in font t5-lmr12!
Missing character: There is no ớ in font t5-lmr12!
Missing character: There is no ắ in font t5-lmr12!
Missing character: There is no đ in font t5-lmr12!
Missing character: There is no ầ in font t5-lmr12!
Missing character: There is no ấ in font t5-lmr12!
Missing character: There is no ệ in font t5-lmr12!
Missing character: There is no ỗ in font t5-lmr12!
Missing character: There is no ặ in font t5-lmr12!
Missing character: There is no ả in font t5-lmr12!
Missing character: There is no ệ in font t5-lmr12!
Missing character: There is no ă in font t5-lmr12!
Missing character: There is no ọ in font t5-lmr12!
Missing character: There is no ư in font t5-lmbx12!
Missing character: There is no ơ in font t5-lmbx12!
Missing character: There is no ă in font t5-lmr12!
Missing character: There is no ả in font t5-lmr12!
Missing character: There is no ầ in font t5-lmr12!
Missing character: There is no ừ in font t5-lmr12!

LaTeX Warning: `h' float specifier changed to `ht'.

Missing character: There is no ạ in font t5-lmr12!
Missing character: There is no ỗ in font t5-lmr12!
Missing character: There is no ạ in font t5-lmr12!
Missing character: There is no ệ in font t5-lmr12!
Missing character: There is no ố in font t5-lmr12!
Missing character: There is no ắ in font t5-lmr12!
Missing character: There is no đ in font t5-lmr12!
Missing character: There is no ầ in font t5-lmr12!
Missing character: There is no ả in font t5-lmr12!
Missing character: There is no ă in font t5-lmr12!
Missing character: There is no ả in font t5-lmr12!
Missing character: There is no ả in font t5-lmr12!
Missing character: There is no ế in font t5-lmbx12!
Missing character: There is no ả in font t5-lmbx12!
Missing character: There is no ổ in font t5-lmbx12!
Missing character: There is no Ệ in font t5-lmbx12!
Missing character: There is no Ố in font t5-lmbx12!
Missing character: There is no Ị in font t5-lmbx12!
Missing character: There is no Ố in font t5-lmbx12!
Missing character: There is no Ả in font t5-lmbx12!
[5

]
Missing character: There is no ệ in font t5-lmr12!
Missing character: There is no ố in font t5-lmr12!
Missing character: There is no ạ in font t5-lmr12!
Missing character: There is no đ in font t5-lmr12!
Missing character: There is no ộ in font t5-lmr12!
Missing character: There is no ố in font t5-lmr12!
Missing character: There is no ắ in font t5-lmr12!
Missing character: There is no đ in font t5-lmr12!
Missing character: There is no ầ in font t5-lmr12!
Missing character: There is no ấ in font t5-lmr12!
Missing character: There is no ệ in font t5-lmr12!
Missing character: There is no ă in font t5-lmr12!
Missing character: There is no ắ in font t5-lmr12!
Missing character: There is no đ in font t5-lmr12!
Missing character: There is no ầ in font t5-lmr12!
Missing character: There is no ă in font t5-lmr12!
Missing character: There is no ắ in font t5-lmr12!
Missing character: There is no đ in font t5-lmr12!
Missing character: There is no ầ in font t5-lmr12!
Missing character: There is no ậ in font t5-lmr12!
Missing character: There is no ơ in font t5-lmr12!
Missing character: There is no ệ in font t5-lmbx12!
Missing character: There is no ố in font t5-lmbx12!
Missing character: There is no ả in font t5-lmr12!
Missing character: There is no ẫ in font t5-lmr12!
Missing character: There is no ạ in font t5-lmr12!
Missing character: There is no đ in font t5-lmr12!
Missing character: There is no ộ in font t5-lmr12!
Missing character: There is no ế in font t5-lmbx12!
Missing character: There is no ỗ in font t5-lmbx12!
Missing character: There is no ạ in font t5-lmbx12!
[6]
Missing character: There is no ạ in font t5-lmbx12!
Missing character: There is no ệ in font t5-lmbx12!
Missing character: There is no ố in font t5-lmbx12!
Missing character: There is no ở in font t5-lmbx12!
Missing character: There is no ầ in font t5-lmr12!
Missing character: There is no ả in font t5-lmr12!
Missing character: There is no ặ in font t5-lmr12!
Missing character: There is no ứ in font t5-lmbx12!
Missing character: There is no ạ in font t5-lmbx12!
Missing character: There is no ơ in font t5-lmbx12!
Missing character: There is no ầ in font t5-lmr12!
Missing character: There is no ề in font t5-lmr12!
Missing character: There is no ớ in font t5-lmr12!
Missing character: There is no ỉ in font t5-lmr12!
Missing character: There is no ơ in font t5-lmr12!
Missing character: There is no ề in font t5-lmr12!
Missing character: There is no ệ in font t5-lmr12!
Missing character: There is no ố in font t5-lmr12!
Missing character: There is no đ in font t5-lmr12!
Missing character: There is no ủ in font t5-lmr12!
Missing character: There is no đ in font t5-lmr12!
Missing character: There is no ể in font t5-lmr12!
Missing character: There is no ử in font t5-lmr12!
Missing character: There is no ế in font t5-lmbx12!
Missing character: There is no ậ in font t5-lmbx12!
Missing character: There is no ấ in font t5-lmbx12!
Missing character: There is no ở in font t5-lmr12!
Missing character: There is no ả in font t5-lmbx12!
Missing character: There is no ố in font t5-lmr12!
Missing character: There is no ư in font t5-lmr12!
Missing character: There is no ệ in font t5-lmbx12!
Missing character: There is no ạ in font t5-lmbx12!
Missing character: There is no ạ in font t5-lmbx12!
Missing character: There is no ọ in font t5-lmbx12!
Missing character: There is no ơ in font t5-lmbx12!
Missing character: There is no ể in font t5-lmr12!
Missing character: There is no ị in font t5-lmr12!
Missing character: There is no ả in font t5-lmr12!
Missing character: There is no ư in font t5-lmr12!
Missing character: There is no ở in font t5-lmr12!
Missing character: There is no ở in font t5-lmr12!
Missing character: There is no ị in font t5-lmr12!
Missing character: There is no ạ in font t5-lmr12!
Missing character: There is no ệ in font t5-lmr12!
Missing character: There is no ơ in font t5-lmr12!
Missing character: There is no ị in font t5-lmr12!
Missing character: There is no ả in font t5-lmr12!
Missing character: There is no ệ in font t5-lmr12!
Missing character: There is no ố in font t5-lmr12!
Missing character: There is no ơ in font t5-lmr12!
Missing character: There is no ị in font t5-lmr12!
Missing character: There is no ỉ in font t5-lmr12!
Missing character: There is no ậ in font t5-lmr12!
Missing character: There is no ơ in font t5-lmr12!
Missing character: There is no Đ in font t5-lmr12!
Missing character: There is no ỉ in font t5-lmr12!
Missing character: There is no ố in font t5-lmr12!
Missing character: There is no ọ in font t5-lmr12!
Missing character: There is no ấ in font t5-lmr12!
Missing character: There is no ể in font t5-lmbx12!
Missing character: There is no đ in font t5-lmbx12!
Missing character: There is no ồ in font t5-lmbx12!
Missing character: There is no ể in font t5-lmr12!
Missing character: There is no đ in font t5-lmr12!
Missing character: There is no ồ in font t5-lmr12!
Missing character: There is no ư in font t5-lmr12!
Missing character: There is no ớ in font t5-lmr12!
Missing character: There is no đ in font t5-lmr12!
Missing character: There is no ế in font t5-lmr12!
Missing character: There is no ố in font t5-lmr12!
Missing character: There is no ủ in font t5-lmr12!
Missing character: There is no ọ in font t5-lmr12!
File: images/response_time_analysis.png Graphic file (type bmp)
<images/response_time_analysis.png>
[7]
Missing character: There is no ừ in font t5-lmbx12!
Missing character: There is no ể in font t5-lmbx12!
Missing character: There is no đ in font t5-lmbx12!
Missing character: There is no ồ in font t5-lmbx12!
Missing character: There is no ơ in font t5-lmr12!
Missing character: There is no ớ in font t5-lmr12!
Missing character: There is no ẫ in font t5-lmr12!
Missing character: There is no ằ in font t5-lmr12!
Missing character: There is no ư in font t5-lmr12!
Missing character: There is no ỡ in font t5-lmr12!
Missing character: There is no ấ in font t5-lmr12!
Missing character: There is no ệ in font t5-lmr12!
Missing character: There is no ỏ in font t5-lmr12!
Missing character: There is no ả in font t5-lmr12!
Missing character: There is no đ in font t5-lmr12!
Missing character: There is no ề in font t5-lmr12!
Missing character: There is no ả in font t5-lmr12!
Missing character: There is no ă in font t5-lmr12!
Missing character: There is no ả in font t5-lmr12!
Missing character: There is no ồ in font t5-lmr12!
Missing character: There is no ự in font t5-lmr12!
Missing character: There is no ố in font t5-lmr12!
Missing character: There is no ơ in font t5-lmr12!
Missing character: There is no ở in font t5-lmr12!
Missing character: There is no ọ in font t5-lmr12!
Missing character: There is no ệ in font t5-lmr12!
Missing character: There is no ệ in font t5-lmr12!
Missing character: There is no Đ in font t5-lmr12!
Missing character: There is no ề in font t5-lmr12!
Missing character: There is no ấ in font t5-lmr12!
Missing character: There is no đ in font t5-lmr12!
Missing character: There is no ộ in font t5-lmr12!
Missing character: There is no ổ in font t5-lmr12!
Missing character: There is no đ in font t5-lmr12!
Missing character: There is no ị in font t5-lmr12!
Missing character: There is no ơ in font t5-lmr12!
Missing character: There is no ố in font t5-lmr12!
Missing character: There is no ơ in font t5-lmr12!
Missing character: There is no ơ in font t5-lmr12!
Missing character: There is no ả in font t5-lmr12!
Missing character: There is no đ in font t5-lmr12!
Missing character: There is no ề in font t5-lmr12!
Missing character: There is no ư in font t5-lmr12!
Missing character: There is no ả in font t5-lmr12!
Missing character: There is no ư in font t5-lmr12!
Missing character: There is no ở in font t5-lmr12!
Missing character: There is no đ in font t5-lmr12!
Missing character: There is no ế in font t5-lmr12!
Missing character: There is no ế in font t5-lmbx12!
Missing character: There is no ậ in font t5-lmbx12!
Missing character: There is no ố in font t5-lmr12!
Missing character: There is no ơ in font t5-lmr12!
Missing character: There is no ỉ in font t5-lmr12!
Missing character: There is no ơ in font t5-lmr12!
Missing character: There is no ư in font t5-lmr12!
Missing character: There is no ơ in font t5-lmr12!
Missing character: There is no ả in font t5-lmr12!
Missing character: There is no đ in font t5-lmr12!
Missing character: There is no ề in font t5-lmr12!
Missing character: There is no đ in font t5-lmr12!
Missing character: There is no ứ in font t5-lmr12!
Missing character: There is no ố in font t5-lmr12!
Missing character: There is no ầ in font t5-lmr12!
Missing character: There is no ữ in font t5-lmr12!
Missing character: There is no ỉ in font t5-lmbx12!
Missing character: There is no ố in font t5-lmbx12!
[8]
Missing character: There is no ậ in font t5-lmbx12!
Missing character: There is no ơ in font t5-lmr12!
Missing character: There is no đ in font t5-lmr12!
Missing character: There is no ơ in font t5-lmr12!
Missing character: There is no ả in font t5-lmr12!
Missing character: There is no ỉ in font t5-lmr12!
Missing character: There is no ử in font t5-lmr12!
Missing character: There is no ề in font t5-lmr12!
Missing character: There is no ơ in font t5-lmr12!
Missing character: There is no ề in font t5-lmr12!
Missing character: There is no ả in font t5-lmr12!
Missing character: There is no đ in font t5-lmr12!
Missing character: There is no ề in font t5-lmr12!
Missing character: There is no ệ in font t5-lmr12!
Missing character: There is no đ in font t5-lmr12!
Missing character: There is no ố in font t5-lmr12!
Missing character: There is no ầ in font t5-lmbx12!
Missing character: There is no ầ in font t5-lmr12!
Missing character: There is no ủ in font t5-lmr12!
Missing character: There is no đ in font t5-lmr12!
Missing character: There is no ề in font t5-lmr12!
Missing character: There is no ầ in font t5-lmr12!
Missing character: There is no ự in font t5-lmr12!
Missing character: There is no ệ in font t5-lmr12!
Missing character: There is no ụ in font t5-lmbx12!
Missing character: There is no ế in font t5-lmbx12!
Missing character: There is no ậ in font t5-lmbx12!
Missing character: There is no ụ in font t5-lmbx12!
Missing character: There is no ử in font t5-lmbx12!
Missing character: There is no ụ in font t5-lmbx12!
Missing character: There is no ử in font t5-lmr12!
Missing character: There is no ụ in font t5-lmr12!
Missing character: There is no đ in font t5-lmr12!
Missing character: There is no ể in font t5-lmr12!
Missing character: There is no ế in font t5-lmr12!
Missing character: There is no ỗ in font t5-lmr12!
Missing character: There is no ợ in font t5-lmr12!
Missing character: There is no đ in font t5-lmr12!
Missing character: There is no ể in font t5-lmr12!
[9]
Missing character: There is no đ in font t5-lmr12!
Missing character: There is no ể in font t5-lmr12!
Missing character: There is no ọ in font t5-lmbx12!
Missing character: There is no ế in font t5-lmr12!
Missing character: There is no ế in font t5-lmr12!
Missing character: There is no ự in font t5-lmr12!
Missing character: There is no đ in font t5-lmr12!
Missing character: There is no ộ in font t5-lmr12!
Missing character: There is no ễ in font t5-lmr12!
Missing character: There is no ợ in font t5-lmr12!
Missing character: There is no ễ in font t5-lmr12!
Missing character: There is no ể in font t5-lmr12!
Missing character: There is no ả in font t5-lmr12!
Missing character: There is no ế in font t5-lmbx12!
Missing character: There is no ế in font t5-lmbx12!
Missing character: There is no ự in font t5-lmbx12!
Missing character: There is no ấ in font t5-lmbx12!
(C:\Users\Admin\AppData\Local\Programs\MiKTeX\tex/latex/listings\lstlang1.sty
File: lstlang1.sty 2023/02/27 1.9 listings language file
)
Missing character: There is no ạ in font t5-lmbx12!
Missing character: There is no Đ in font t5-lmri12!
Missing character: There is no ể in font t5-lmri12!
Missing character: There is no ạ in font t5-lmri12!
Missing character: There is no ử in font t5-lmri12!
Missing character: There is no ụ in font t5-lmri12!
Missing character: There is no ệ in font t5-lmri12!
Missing character: There is no ằ in font t5-lmbx12!
Missing character: There is no ứ in font t5-lmbx12!
Missing character: There is no ự in font t5-lmbx12!
Missing character: There is no ệ in font t5-lmbx12!
File: images/security_test_results.png Graphic file (type bmp)
<images/security_test_results.png>
Missing character: There is no ế in font t5-lmr12!
Missing character: There is no ả in font t5-lmr12!
Missing character: There is no ạ in font t5-lmr12!
Missing character: There is no ớ in font t5-lmr12!

LaTeX Warning: `h' float specifier changed to `ht'.

Missing character: There is no ế in font t5-lmbx12!
Missing character: There is no ả in font t5-lmbx12!
Missing character: There is no ụ in font t5-lmbx12!
Missing character: There is no đ in font t5-lmbx12!
Missing character: There is no ể in font t5-lmbx12!
Missing character: There is no ế in font t5-lmbx12!
Missing character: There is no ả in font t5-lmbx12!

Overfull \hbox (25.6736pt too wide) in alignment at lines 583--587
 [] [] [] [] 
 []

Missing character: There is no ụ in font t5-lmbx12!
Missing character: There is no đ in font t5-lmbx12!
Missing character: There is no ể in font t5-lmbx12!
Missing character: There is no ế in font t5-lmbx12!
Missing character: There is no ả in font t5-lmbx12!

Overfull \hbox (25.6736pt too wide) in alignment at lines 587--591
 [] [] [] [] 
 []

Missing character: There is no ể in font t5-lmr12!
Missing character: There is no ể in font t5-lmr12!
Missing character: There is no ể in font t5-lmr12!
Missing character: There is no ể in font t5-lmr12!
Missing character: There is no ể in font t5-lmr12!
Missing character: There is no ể in font t5-lmr12!
Missing character: There is no ể in font t5-lmr12!
Missing character: There is no ậ in font t5-lmr12!
Missing character: There is no ể in font t5-lmr12!
Missing character: There is no ậ in font t5-lmr12!
Missing character: There is no ớ in font t5-lmr12!
Missing character: There is no ể in font t5-lmr12!
Missing character: There is no ậ in font t5-lmr12!
Missing character: There is no ớ in font t5-lmr12!
Missing character: There is no ể in font t5-lmr12!
Missing character: There is no ệ in font t5-lmr12!
Missing character: There is no đ in font t5-lmr12!
Missing character: There is no ị in font t5-lmr12!
Missing character: There is no ể in font t5-lmr12!
Missing character: There is no đ in font t5-lmr12!
Missing character: There is no ư in font t5-lmr12!
Missing character: There is no ợ in font t5-lmr12!

Underfull \hbox (badness 1701) in paragraph at lines 624--624
[]|\T5/lmr/m/n/12 Kim tra pass-word c hash an toàn
 []

Missing character: There is no ể in font t5-lmr12!
Missing character: There is no ể in font t5-lmr12!
Missing character: There is no ể in font t5-lmr12!
Missing character: There is no ử in font t5-lmr12!
Missing character: There is no ể in font t5-lmr12!
Missing character: There is no ể in font t5-lmr12!
Missing character: There is no ừ in font t5-lmr12!
Missing character: There is no ố in font t5-lmr12!
Missing character: There is no ể in font t5-lmr12!
Missing character: There is no ử in font t5-lmr12!
Missing character: There is no ể in font t5-lmr12!
Missing character: There is no ể in font t5-lmr12!

Underfull \hbox (badness 10000) in paragraph at lines 646--646
[]|\T5/lmr/m/n/12 Kim tra HTTP se-cu-rity head-ers
 []

Missing character: There is no ổ in font t5-lmbx12!
Missing character: There is no ế in font t5-lmbx12!

Overfull \hbox (25.6736pt too wide) in alignment at lines 591--651
 [] [] [] [] 
 []

[10] [11]
Missing character: There is no ế in font t5-lmbx12!
Missing character: There is no ả in font t5-lmbx12!
Missing character: There is no ắ in font t5-lmbx12!
Missing character: There is no Đ in font t5-lmbx12!
Missing character: There is no ấ in font t5-lmr12!
Missing character: There is no ả in font t5-lmr12!
Missing character: There is no đ in font t5-lmr12!
Missing character: There is no ề in font t5-lmr12!
Missing character: There is no ử in font t5-lmr12!
Missing character: There is no ụ in font t5-lmr12!
Missing character: There is no ự in font t5-lmr12!
Missing character: There is no đ in font t5-lmr12!
Missing character: There is no ộ in font t5-lmr12!
Missing character: There is no ấ in font t5-lmr12!
Missing character: There is no ả in font t5-lmr12!
Missing character: There is no đ in font t5-lmr12!
Missing character: There is no ề in font t5-lmr12!
Missing character: There is no ị in font t5-lmr12!
Missing character: There is no ặ in font t5-lmr12!
Missing character: There is no ị in font t5-lmr12!
Missing character: There is no đ in font t5-lmr12!
Missing character: There is no ư in font t5-lmr12!
Missing character: There is no ợ in font t5-lmr12!
Missing character: There is no đ in font t5-lmr12!
Missing character: There is no ư in font t5-lmr12!
Missing character: There is no ợ in font t5-lmr12!
Missing character: There is no ể in font t5-lmr12!
Missing character: There is no đ in font t5-lmr12!
Missing character: There is no ề in font t5-lmr12!
Missing character: There is no ạ in font t5-lmr12!
Missing character: There is no đ in font t5-lmr12!
Missing character: There is no ộ in font t5-lmr12!
Missing character: There is no ố in font t5-lmr12!
Missing character: There is no ị in font t5-lmr12!
Missing character: There is no đ in font t5-lmr12!
Missing character: There is no ư in font t5-lmr12!
Missing character: There is no ợ in font t5-lmr12!
Missing character: There is no đ in font t5-lmr12!
Missing character: There is no ề in font t5-lmr12!
Missing character: There is no ị in font t5-lmr12!
[12]
Missing character: There is no ớ in font t5-lmr12!
Missing character: There is no ở in font t5-lmr12!
Missing character: There is no ả in font t5-lmr12!
Missing character: There is no ế in font t5-lmbx12!
Missing character: There is no ả in font t5-lmbx12!
Missing character: There is no ổ in font t5-lmbx12!
Missing character: There is no ợ in font t5-lmbx12!
Missing character: There is no Đ in font t5-lmbx12!
Missing character: There is no ổ in font t5-lmbx12!
Missing character: There is no ế in font t5-lmr12!
Missing character: There is no đ in font t5-lmr12!
Missing character: There is no ư in font t5-lmr12!
Missing character: There is no ợ in font t5-lmr12!
Missing character: There is no đ in font t5-lmr12!
Missing character: There is no ầ in font t5-lmr12!
Missing character: There is no đ in font t5-lmr12!
Missing character: There is no ủ in font t5-lmr12!
Missing character: There is no ớ in font t5-lmbx12!
Missing character: There is no ả in font t5-lmr12!
Missing character: There is no đ in font t5-lmr12!
Missing character: There is no ư in font t5-lmr12!
Missing character: There is no ợ in font t5-lmr12!
Missing character: There is no ệ in font t5-lmr12!
Missing character: There is no ố in font t5-lmr12!
Missing character: There is no ổ in font t5-lmr12!
Missing character: There is no đ in font t5-lmr12!
Missing character: There is no ị in font t5-lmr12!
Missing character: There is no đ in font t5-lmr12!
Missing character: There is no ế in font t5-lmr12!
Missing character: There is no ớ in font t5-lmr12!
Missing character: There is no ư in font t5-lmr12!
Missing character: There is no ớ in font t5-lmr12!
Missing character: There is no ở in font t5-lmr12!
Missing character: There is no Đ in font t5-lmbx12!
Missing character: There is no ư in font t5-lmbx12!
Missing character: There is no ụ in font t5-lmr12!
Missing character: There is no ể in font t5-lmr12!
Missing character: There is no đ in font t5-lmr12!
Missing character: There is no ể in font t5-lmr12!
Missing character: There is no ả in font t5-lmr12!
Missing character: There is no ệ in font t5-lmr12!
Missing character: There is no ế in font t5-lmr12!
Missing character: There is no ở in font t5-lmr12!
Missing character: There is no ụ in font t5-lmr12!
Missing character: There is no ổ in font t5-lmbx12!
Missing character: There is no đ in font t5-lmbx12!
Missing character: There is no ề in font t5-lmbx12!
Missing character: There is no ấ in font t5-lmr12!
Missing character: There is no ả in font t5-lmr12!
Missing character: There is no đ in font t5-lmr12!
Missing character: There is no ề in font t5-lmr12!
Missing character: There is no ị in font t5-lmr12!
Missing character: There is no ặ in font t5-lmr12!
Missing character: There is no ở in font t5-lmr12!
Missing character: There is no đ in font t5-lmr12!
Missing character: There is no ư in font t5-lmr12!
Missing character: There is no ợ in font t5-lmr12!
Missing character: There is no ự in font t5-lmr12!
Missing character: There is no đ in font t5-lmr12!
Missing character: There is no ộ in font t5-lmr12!
Missing character: There is no ạ in font t5-lmr12!
Missing character: There is no đ in font t5-lmr12!
Missing character: There is no ộ in font t5-lmr12!
Missing character: There is no ố in font t5-lmr12!
Missing character: There is no ả in font t5-lmr12!
Missing character: There is no ậ in font t5-lmr12!
Missing character: There is no ở in font t5-lmr12!
Missing character: There is no ả in font t5-lmr12!
Missing character: There is no Đ in font t5-lmbx12!
Missing character: There is no ế in font t5-lmbx12!
Missing character: There is no ậ in font t5-lmbx12!
Missing character: There is no ự in font t5-lmbx12!
Missing character: There is no đ in font t5-lmbx12!
Missing character: There is no ạ in font t5-lmbx12!
Missing character: There is no đ in font t5-lmbx12!
Missing character: There is no ư in font t5-lmbx12!
Missing character: There is no ợ in font t5-lmbx12!
Missing character: There is no ệ in font t5-lmr12!
Missing character: There is no ố in font t5-lmr12!
Missing character: There is no ố in font t5-lmbx12!
Missing character: There is no ớ in font t5-lmr12!
Missing character: There is no ư in font t5-lmr12!
Missing character: There is no ớ in font t5-lmr12!
Missing character: There is no ố in font t5-lmr12!
Missing character: There is no ử in font t5-lmr12!
Missing character: There is no đ in font t5-lmr12!
Missing character: There is no ư in font t5-lmr12!
Missing character: There is no ợ in font t5-lmr12!
Missing character: There is no ỗ in font t5-lmr12!
Missing character: There is no ấ in font t5-lmr12!
Missing character: There is no ả in font t5-lmr12!
Missing character: There is no Đ in font t5-lmbx12!
Missing character: There is no ể in font t5-lmbx12!
Missing character: There is no ầ in font t5-lmbx12!
Missing character: There is no ả in font t5-lmbx12!
Missing character: There is no ệ in font t5-lmbx12!
Missing character: There is no ở in font t5-lmr12!
Missing character: There is no ầ in font t5-lmr12!
Missing character: There is no đ in font t5-lmr12!
Missing character: There is no ể in font t5-lmr12!
[13]
Missing character: There is no ầ in font t5-lmr12!
Missing character: There is no ă in font t5-lmr12!
Missing character: There is no ừ in font t5-lmr12!
Missing character: There is no ầ in font t5-lmr12!
Missing character: There is no ố in font t5-lmr12!
Missing character: There is no ơ in font t5-lmr12!
Missing character: There is no ầ in font t5-lmr12!
Missing character: There is no đ in font t5-lmr12!
Missing character: There is no ư in font t5-lmr12!
Missing character: There is no ợ in font t5-lmr12!
Missing character: There is no ế in font t5-lmri12!
Missing character: There is no ị in font t5-lmri12!
Missing character: There is no ế in font t5-lmri12!
Missing character: There is no ề in font t5-lmri12!
Missing character: There is no ả in font t5-lmri12!
Missing character: There is no ệ in font t5-lmri12!
Missing character: There is no đ in font t5-lmri12!
Missing character: There is no ư in font t5-lmri12!
Missing character: There is no ợ in font t5-lmri12!
Missing character: There is no ụ in font t5-lmri12!
Missing character: There is no ư in font t5-lmri12!
Missing character: There is no ớ in font t5-lmri12!
Missing character: There is no đ in font t5-lmri12!
Missing character: There is no ế in font t5-lmbx12!
Missing character: There is no ị in font t5-lmbx12!
Missing character: There is no ư in font t5-lmbx12!
Missing character: There is no ớ in font t5-lmbx12!
Missing character: There is no ể in font t5-lmbx12!
Missing character: There is no ế in font t5-lmbx12!
Missing character: There is no ị in font t5-lmbx12!
Missing character: There is no ả in font t5-lmbx12!
Missing character: There is no ệ in font t5-lmbx12!
Missing character: There is no ự in font t5-lmr12!
Missing character: There is no ế in font t5-lmr12!
Missing character: There is no ả in font t5-lmr12!
Missing character: There is no đ in font t5-lmr12!
Missing character: There is no đ in font t5-lmr12!
Missing character: There is no ị in font t5-lmr12!
Missing character: There is no ở in font t5-lmr12!
Missing character: There is no ớ in font t5-lmr12!
Missing character: There is no ế in font t5-lmr12!
Missing character: There is no ị in font t5-lmr12!
Missing character: There is no đ in font t5-lmr12!
Missing character: There is no ư in font t5-lmr12!
Missing character: There is no ợ in font t5-lmr12!
Missing character: There is no đ in font t5-lmr12!
Missing character: There is no ề in font t5-lmr12!
Missing character: There is no ấ in font t5-lmr12!
Missing character: There is no đ in font t5-lmr12!
Missing character: There is no ể in font t5-lmr12!
Missing character: There is no ả in font t5-lmr12!
Missing character: There is no ă in font t5-lmr12!
Missing character: There is no ị in font t5-lmr12!
Missing character: There is no ả in font t5-lmr12!
Missing character: There is no ă in font t5-lmbx12!
Missing character: There is no ả in font t5-lmbx12!
Missing character: There is no đ in font t5-lmr12!
Missing character: There is no ủ in font t5-lmr12!
Missing character: There is no ă in font t5-lmr12!
Missing character: There is no ẽ in font t5-lmr12!
Missing character: There is no ả in font t5-lmr12!
Missing character: There is no ố in font t5-lmbx12!
Missing character: There is no ư in font t5-lmbx12!
Missing character: There is no ớ in font t5-lmr12!
Missing character: There is no ạ in font t5-lmr12!
Missing character: There is no ố in font t5-lmr12!
[14]
Missing character: There is no ă in font t5-lmbx12!
Missing character: There is no ả in font t5-lmbx12!
Missing character: There is no đ in font t5-lmr12!
Missing character: There is no ủ in font t5-lmr12!
Missing character: There is no ă in font t5-lmr12!
Missing character: There is no ẽ in font t5-lmr12!
Missing character: There is no ử in font t5-lmr12!
Missing character: There is no đ in font t5-lmr12!
Missing character: There is no ư in font t5-lmr12!
Missing character: There is no ợ in font t5-lmr12!
Missing character: There is no ề in font t5-lmr12!
Missing character: There is no ơ in font t5-lmr12!
LaTeX Font Info:    Font shape `T5/lmtt/bx/n' in size <8> not available
(Font)              Font shape `T5/lmtt/b/n' tried instead on input line 875.
Missing character: There is no ặ in font t5-lmr12!
[15]
Missing character: There is no ớ in font t5-lmbx12!
Missing character: There is no ả in font t5-lmr12!
Missing character: There is no ặ in font t5-lmr12!
Missing character: There is no ặ in font t5-lmr12!
Missing character: There is no đ in font t5-lmr12!
Missing character: There is no ể in font t5-lmr12!
Missing character: There is no ă in font t5-lmr12!
Missing character: There is no ừ in font t5-lmr12!
Missing character: There is no ả in font t5-lmr12!
Missing character: There is no ừ in font t5-lmr12!
Missing character: There is no ố in font t5-lmr12!
Missing character: There is no ở in font t5-lmr12!
Missing character: There is no ữ in font t5-lmr12!
Missing character: There is no ở in font t5-lmr12!
Missing character: There is no ứ in font t5-lmr12!
Missing character: There is no ả in font t5-lmr12!
Missing character: There is no ớ in font t5-lmr12!
Missing character: There is no ă in font t5-lmr12!
Missing character: There is no ừ in font t5-lmr12!
Missing character: There is no Đ in font t5-lmbx12!
Missing character: There is no ế in font t5-lmbx12!
Missing character: There is no ị in font t5-lmbx12!
Missing character: There is no ữ in font t5-lmbx12!
Missing character: There is no đ in font t5-lmbx12!
Missing character: There is no ể in font t5-lmbx12!
Missing character: There is no ạ in font t5-lmbx12!
Missing character: There is no ệ in font t5-lmbx12!
Missing character: There is no ạ in font t5-lmbx12!
Missing character: There is no ấ in font t5-lmr12!
Missing character: There is no ả in font t5-lmr12!
Missing character: There is no đ in font t5-lmr12!
Missing character: There is no ề in font t5-lmr12!
Missing character: There is no ế in font t5-lmbx12!
Missing character: There is no ị in font t5-lmbx12!
Missing character: There is no ả in font t5-lmbx12!
Missing character: There is no ệ in font t5-lmbx12!
[16]
Missing character: There is no ử in font t5-lmr12!
Missing character: There is no ụ in font t5-lmr12!
Missing character: There is no đ in font t5-lmbx12!
Missing character: There is no ầ in font t5-lmbx12!
Missing character: There is no đ in font t5-lmbx12!
Missing character: There is no ủ in font t5-lmbx12!
Missing character: There is no ạ in font t5-lmr12!
Missing character: There is no ư in font t5-lmbx12!
Missing character: There is no ớ in font t5-lmbx12!
Missing character: There is no ể in font t5-lmbx12!
Missing character: There is no ế in font t5-lmbx12!
Missing character: There is no ể in font t5-lmr12!
Missing character: There is no ả in font t5-lmr12!
Missing character: There is no ă in font t5-lmr12!
Missing character: There is no ử in font t5-lmr12!
Missing character: There is no đ in font t5-lmr12!
Missing character: There is no ộ in font t5-lmr12!
Missing character: There is no ế in font t5-lmr12!
Missing character: There is no ả in font t5-lmr12!
Missing character: There is no đ in font t5-lmr12!
Missing character: There is no ộ in font t5-lmr12!
Missing character: There is no ộ in font t5-lmr12!
Missing character: There is no ể in font t5-lmr12!
Missing character: There is no đ in font t5-lmr12!
Missing character: There is no ộ in font t5-lmr12!
Missing character: There is no ổ in font t5-lmr12!
Missing character: There is no đ in font t5-lmr12!
Missing character: There is no ị in font t5-lmr12!
Missing character: There is no ạ in font t5-lmr12!
Missing character: There is no ờ in font t5-lmr12!
Missing character: There is no ể in font t5-lmr12!
Missing character: There is no ả in font t5-lmr12!
Missing character: There is no ă in font t5-lmr12!
Missing character: There is no ớ in font t5-lmr12!
Missing character: There is no ợ in font t5-lmr12!
Missing character: There is no đ in font t5-lmr12!
Missing character: There is no ể in font t5-lmr12!
Missing character: There is no ấ in font t5-lmr12!
Missing character: There is no ử in font t5-lmr12!
Missing character: There is no ệ in font t5-lmr12!
Missing character: There is no ố in font t5-lmr12!
[17]
Missing character: There is no ổ in font t5-lmr12!
Missing character: There is no ử in font t5-lmr12!
Missing character: There is no ụ in font t5-lmr12!
Missing character: There is no ặ in font t5-lmr12!
Missing character: There is no đ in font t5-lmr12!
Missing character: There is no ể in font t5-lmr12!
Missing character: There is no ệ in font t5-lmr12!
Missing character: There is no ớ in font t5-lmr12!
Missing character: There is no ặ in font t5-lmr12!
Missing character: There is no ạ in font t5-lmri12!
Missing character: There is no ệ in font t5-lmri12!
Missing character: There is no ự in font t5-lmri12!
Missing character: There is no ệ in font t5-lmri12!
Missing character: There is no ỉ in font t5-lmri12!
Missing character: There is no đ in font t5-lmri12!
Missing character: There is no ả in font t5-lmri12!
Missing character: There is no ả in font t5-lmri12!
Missing character: There is no ấ in font t5-lmri12!
Missing character: There is no ư in font t5-lmri12!
Missing character: There is no ợ in font t5-lmri12!
Missing character: There is no ả in font t5-lmri12!
Missing character: There is no ẩ in font t5-lmri12!
Missing character: There is no ể in font t5-lmri12!
Missing character: There is no ệ in font t5-lmri12!
Missing character: There is no ể in font t5-lmri12!
Missing character: There is no ầ in font t5-lmri12!
Missing character: There is no ề in font t5-lmri12!
Missing character: There is no ệ in font t5-lmri12!
Missing character: There is no ế in font t5-lmri12!
Missing character: There is no ị in font t5-lmri12!
Missing character: There is no ẽ in font t5-lmri12!
Missing character: There is no ệ in font t5-lmri12!
Missing character: There is no ố in font t5-lmri12!
Missing character: There is no đ in font t5-lmri12!
Missing character: There is no ạ in font t5-lmri12!
Missing character: There is no đ in font t5-lmri12!
Missing character: There is no ư in font t5-lmri12!
Missing character: There is no ợ in font t5-lmri12!
Missing character: There is no ả in font t5-lmri12!
Missing character: There is no ă in font t5-lmri12!
Missing character: There is no ị in font t5-lmri12!
Missing character: There is no ả in font t5-lmri12!
Missing character: There is no ơ in font t5-lmri12!
Missing character: There is no ả in font t5-lmri12!
Missing character: There is no ậ in font t5-lmri12!
Missing character: There is no ố in font t5-lmri12!
Missing character: There is no ơ in font t5-lmri12!
Missing character: There is no ư in font t5-lmri12!
Missing character: There is no ờ in font t5-lmri12!
[18] (BaoCao_PhanMoRong.aux)
 ***********
LaTeX2e <2023-11-01> patch level 1
L3 programming layer <2024-01-04>
 ***********
Package rerunfilecheck Info: File `BaoCao_PhanMoRong.out' has not changed.
(rerunfilecheck)             Checksum: DD38877EAB3BE09306C6172A8840D46F;9056.
 ) 
Here is how much of TeX's memory you used:
 12319 strings out of 409617
 184501 string characters out of 5774013
 2074191 words of memory out of 5000000
 34267 multiletter control sequences out of 15000+600000
 622814 words of font info for 68 fonts, out of 8000000 for 9000
 1348 hyphenation exceptions out of 8191
 72i,8n,79p,427b,1763s stack positions out of 10000i,1000n,20000p,200000b,200000s

Output written on BaoCao_PhanMoRong.pdf (18 pages).
