\BOOKMARK [1][-]{section*.1}{\376\377\000P\000H\036\246\000N\000\040\000M\036\336\000\040\000R\036\330\000N\000G\000:\000\040\000P\000E\000R\000F\000O\000R\000M\000A\000N\000C\000E\000\040\000T\000E\000S\000T\000I\000N\000G\000\040\000V\000\300\000\040\000S\000E\000C\000U\000R\000I\000T\000Y\000\040\000T\000E\000S\000T\000I\000N\000G}{}% 1
\BOOKMARK [1][-]{section.7}{\376\377\000P\000e\000r\000f\000o\000r\000m\000a\000n\000c\000e\000\040\000T\000e\000s\000t\000i\000n\000g}{}% 2
\BOOKMARK [2][-]{subsection.7.1}{\376\377\000Y\000\352\000u\000\040\000c\036\247\000u\000\040\000v\000\340\000\040\000M\036\345\000c\000\040\000t\000i\000\352\000u}{section.7}% 3
\BOOKMARK [2][-]{subsection.7.2}{\376\377\000C\000\364\000n\000g\000\040\000c\036\345\000\040\000s\036\355\000\040\000d\036\345\000n\000g}{section.7}% 4
\BOOKMARK [2][-]{subsection.7.3}{\376\377\000P\000e\000r\000f\000o\000r\000m\000a\000n\000c\000e\000\040\000T\000e\000s\000t\000s\000\040\000c\000h\000o\000\040\000L\000o\000g\000i\000n\000\040\000A\000P\000I}{section.7}% 5
\BOOKMARK [3][-]{subsubsection.7.3.1}{\376\377\000T\000h\000i\036\277\000t\000\040\000k\036\277\000\040\000T\000e\000s\000t\000\040\000S\000c\000e\000n\000a\000r\000i\000o\000s}{subsection.7.3}% 6
\BOOKMARK [3][-]{subsubsection.7.3.2}{\376\377\000K\036\277\000t\000\040\000q\000u\036\243\000\040\000t\000h\036\361\000c\000\040\000t\000h\000i}{subsection.7.3}% 7
\BOOKMARK [3][-]{subsubsection.7.3.3}{\376\377\000P\000h\000\342\000n\000\040\000t\000\355\000c\000h\000\040\000k\036\277\000t\000\040\000q\000u\036\243\000\040\000L\000o\000g\000i\000n\000\040\000A\000P\000I}{subsection.7.3}% 8
\BOOKMARK [2][-]{subsection.7.4}{\376\377\000P\000e\000r\000f\000o\000r\000m\000a\000n\000c\000e\000\040\000T\000e\000s\000t\000s\000\040\000c\000h\000o\000\040\000P\000r\000o\000d\000u\000c\000t\000\040\000A\000P\000I}{section.7}% 9
\BOOKMARK [3][-]{subsubsection.7.4.1}{\376\377\000T\000h\000i\036\277\000t\000\040\000k\036\277\000\040\000T\000e\000s\000t\000\040\000S\000c\000e\000n\000a\000r\000i\000o\000s}{subsection.7.4}% 10
\BOOKMARK [3][-]{subsubsection.7.4.2}{\376\377\000K\036\277\000t\000\040\000q\000u\036\243\000\040\000t\000h\036\361\000c\000\040\000t\000h\000i}{subsection.7.4}% 11
\BOOKMARK [3][-]{subsubsection.7.4.3}{\376\377\000P\000h\000\342\000n\000\040\000t\000\355\000c\000h\000\040\000k\036\277\000t\000\040\000q\000u\036\243\000\040\000P\000r\000o\000d\000u\000c\000t\000\040\000A\000P\000I}{subsection.7.4}% 12
\BOOKMARK [2][-]{subsection.7.5}{\376\377\000S\000t\000r\000e\000s\000s\000\040\000T\000e\000s\000t\000\040\000-\000\040\000T\000\354\000m\000\040\000B\000r\000e\000a\000k\000i\000n\000g\000\040\000P\000o\000i\000n\000t}{section.7}% 13
\BOOKMARK [3][-]{subsubsection.7.5.1}{\376\377\000M\036\345\000c\000\040\001\021\000\355\000c\000h}{subsection.7.5}% 14
\BOOKMARK [3][-]{subsubsection.7.5.2}{\376\377\000P\000h\001\260\001\241\000n\000g\000\040\000p\000h\000\341\000p}{subsection.7.5}% 15
\BOOKMARK [3][-]{subsubsection.7.5.3}{\376\377\000K\036\277\000t\000\040\000q\000u\036\243\000\040\000S\000t\000r\000e\000s\000s\000\040\000T\000e\000s\000t}{subsection.7.5}% 16
\BOOKMARK [3][-]{subsubsection.7.5.4}{\376\377\000R\000o\000o\000t\000\040\000C\000a\000u\000s\000e\000\040\000A\000n\000a\000l\000y\000s\000i\000s}{subsection.7.5}% 17
\BOOKMARK [3][-]{subsubsection.7.5.5}{\376\377\000K\036\277\000t\000\040\000l\000u\036\255\000n\000\040\000S\000t\000r\000e\000s\000s\000\040\000T\000e\000s\000t}{subsection.7.5}% 18
\BOOKMARK [2][-]{subsection.7.6}{\376\377\000R\000e\000s\000p\000o\000n\000s\000e\000\040\000T\000i\000m\000e\000\040\000A\000n\000a\000l\000y\000s\000i\000s}{section.7}% 19
\BOOKMARK [3][-]{subsubsection.7.6.1}{\376\377\000P\000h\000\342\000n\000\040\000t\000\355\000c\000h\000\040\000P\000e\000r\000c\000e\000n\000t\000i\000l\000e\000s}{subsection.7.6}% 20
\BOOKMARK [3][-]{subsubsection.7.6.2}{\376\377\000B\000i\036\303\000u\000\040\001\021\036\323\000\040\000R\000e\000s\000p\000o\000n\000s\000e\000\040\000T\000i\000m\000e\000\040\000D\000i\000s\000t\000r\000i\000b\000u\000t\000i\000o\000n}{subsection.7.6}% 21
\BOOKMARK [3][-]{subsubsection.7.6.3}{\376\377\000S\000o\000\040\000s\000\341\000n\000h\000\040\000L\000o\000g\000i\000n\000\040\000A\000P\000I\000\040\000v\000s\000\040\000P\000r\000o\000d\000u\000c\000t\000\040\000A\000P\000I}{subsection.7.6}% 22
\BOOKMARK [1][-]{section.8}{\376\377\000S\000e\000c\000u\000r\000i\000t\000y\000\040\000T\000e\000s\000t\000i\000n\000g}{}% 23
\BOOKMARK [2][-]{subsection.8.1}{\376\377\000Y\000\352\000u\000\040\000c\036\247\000u}{section.8}% 24
\BOOKMARK [2][-]{subsection.8.2}{\376\377\000C\000\364\000n\000g\000\040\000c\036\345\000\040\000v\000\340\000\040\000t\000h\000i\036\277\000t\000\040\000l\036\255\000p}{section.8}% 25
\BOOKMARK [3][-]{subsubsection.8.2.1}{\376\377\000C\000\364\000n\000g\000\040\000c\036\345\000\040\000s\036\355\000\040\000d\036\345\000n\000g}{subsection.8.2}% 26
\BOOKMARK [2][-]{subsection.8.3}{\376\377\000T\000h\000i\036\277\000t\000\040\000k\036\277\000\040\000v\000\340\000\040\000T\000h\036\361\000c\000\040\000t\000h\000i\000\040\000T\000e\000s\000t\000s}{section.8}% 27
\BOOKMARK [3][-]{subsubsection.8.3.1}{\376\377\000C\036\245\000u\000\040\000t\000r\000\372\000c\000\040\000T\000e\000s\000t\000\040\000C\000l\000a\000s\000s}{subsection.8.3}% 28
\BOOKMARK [3][-]{subsubsection.8.3.2}{\376\377\000C\000h\036\241\000y\000\040\000S\000e\000c\000u\000r\000i\000t\000y\000\040\000T\000e\000s\000t\000s}{subsection.8.3}% 29
\BOOKMARK [2][-]{subsection.8.4}{\376\377\000K\036\277\000t\000\040\000q\000u\036\243}{section.8}% 30
\BOOKMARK [3][-]{subsubsection.8.4.1}{\376\377\000D\000a\000n\000h\000\040\000s\000\341\000c\000h\000\040\000T\000e\000s\000t\000\040\000C\000a\000s\000e\000s}{subsection.8.4}% 31
\BOOKMARK [2][-]{subsection.8.5}{\376\377\000P\000h\000\342\000n\000\040\000t\000\355\000c\000h\000\040\000k\036\277\000t\000\040\000q\000u\036\243}{section.8}% 32
\BOOKMARK [1][-]{section.9}{\376\377\000K\036\277\000t\000\040\000q\000u\036\243\000\040\000t\036\325\000n\000g\000\040\000h\036\343\000p\000\040\000v\000\340\000\040\001\020\000\341\000n\000h\000\040\000g\000i\000\341}{}% 33
\BOOKMARK [2][-]{subsection.9.1}{\376\377\000T\036\325\000n\000g\000\040\000q\000u\000a\000n\000\040\000P\000e\000r\000f\000o\000r\000m\000a\000n\000c\000e\000\040\000T\000e\000s\000t\000i\000n\000g}{section.9}% 34
\BOOKMARK [2][-]{subsection.9.2}{\376\377\000T\036\325\000n\000g\000\040\000q\000u\000a\000n\000\040\000S\000e\000c\000u\000r\000i\000t\000y\000\040\000T\000e\000s\000t\000i\000n\000g}{section.9}% 35
\BOOKMARK [2][-]{subsection.9.3}{\376\377\001\020\000\341\000n\000h\000\040\000g\000i\000\341\000\040\000v\000\340\000\040\000K\036\277\000t\000\040\000l\000u\036\255\000n}{section.9}% 36
\BOOKMARK [3][-]{subsubsection.9.3.1}{\376\377\000T\000h\000\340\000n\000h\000\040\000t\036\361\000u\000\040\001\021\036\241\000t\000\040\001\021\001\260\036\343\000c}{subsection.9.3}% 37
\BOOKMARK [3][-]{subsubsection.9.3.2}{\376\377\001\020\000i\036\303\000m\000\040\000c\036\247\000n\000\040\000c\036\243\000i\000\040\000t\000h\000i\036\307\000n}{subsection.9.3}% 38
\BOOKMARK [1][-]{section.10}{\376\377\000K\000h\000u\000y\036\277\000n\000\040\000n\000g\000h\036\313\000\040\000v\000\340\000\040\000H\001\260\036\333\000n\000g\000\040\000p\000h\000\341\000t\000\040\000t\000r\000i\036\303\000n}{}% 39
\BOOKMARK [2][-]{subsection.10.1}{\376\377\000P\000e\000r\000f\000o\000r\000m\000a\000n\000c\000e\000\040\000T\000e\000s\000t\000i\000n\000g\000\040\000-\000\040\000K\000h\000u\000y\036\277\000n\000\040\000n\000g\000h\036\313\000\040\000c\036\243\000i\000\040\000t\000h\000i\036\307\000n}{section.10}% 40
\BOOKMARK [2][-]{subsection.10.2}{\376\377\000S\000e\000c\000u\000r\000i\000t\000y\000\040\000T\000e\000s\000t\000i\000n\000g\000\040\000-\000\040\001\020\000\341\000n\000h\000\040\000g\000i\000\341\000\040\000v\000\340\000\040\000K\000h\000u\000y\036\277\000n\000\040\000n\000g\000h\036\313}{section.10}% 41
\BOOKMARK [3][-]{subsubsection.10.2.1}{\376\377\000N\000h\036\357\000n\000g\000\040\001\021\000i\036\303\000m\000\040\000m\036\241\000n\000h\000\040\000h\000i\036\307\000n\000\040\000t\036\241\000i}{subsection.10.2}% 42
\BOOKMARK [3][-]{subsubsection.10.2.2}{\376\377\000K\000h\000u\000y\036\277\000n\000\040\000n\000g\000h\036\313\000\040\000c\036\243\000i\000\040\000t\000h\000i\036\307\000n}{subsection.10.2}% 43
\BOOKMARK [2][-]{subsection.10.3}{\376\377\000H\001\260\036\333\000n\000g\000\040\000p\000h\000\341\000t\000\040\000t\000r\000i\036\303\000n\000\040\000t\000i\036\277\000p\000\040\000t\000h\000e\000o}{section.10}% 44
\BOOKMARK [3][-]{subsubsection.10.3.1}{\376\377\000P\000e\000r\000f\000o\000r\000m\000a\000n\000c\000e\000\040\000T\000e\000s\000t\000i\000n\000g\000\040\000n\000\342\000n\000g\000\040\000c\000a\000o}{subsection.10.3}% 45
\BOOKMARK [3][-]{subsubsection.10.3.2}{\376\377\000S\000e\000c\000u\000r\000i\000t\000y\000\040\000T\000e\000s\000t\000i\000n\000g\000\040\000n\000\342\000n\000g\000\040\000c\000a\000o}{subsection.10.3}% 46
