This is pdfTeX, Version 3.141592653-2.6-1.40.25 (MiKTeX 24.1) (preloaded format=pdflatex 2025.11.29)  30 NOV 2025 01:25
entering extended mode
 restricted \write18 enabled.
 %&-line parsing enabled.
**./BaoCao_TongHop.tex
(BaoCao_TongHop.tex
LaTeX2e <2023-11-01> patch level 1
L3 programming layer <2024-01-04>
(C:\Users\Admin\AppData\Local\Programs\MiKTeX\tex/latex/base\article.cls
Document Class: article 2023/05/17 v1.4n Standard LaTeX document class
(C:\Users\Admin\AppData\Local\Programs\MiKTeX\tex/latex/base\size12.clo
File: size12.clo 2023/05/17 v1.4n Standard LaTeX file (size option)
)
\c@part=\count187
\c@section=\count188
\c@subsection=\count189
\c@subsubsection=\count190
\c@paragraph=\count191
\c@subparagraph=\count192
\c@figure=\count193
\c@table=\count194
\abovecaptionskip=\skip48
\belowcaptionskip=\skip49
\bibindent=\dimen140
)
(C:\Users\Admin\AppData\Local\Programs\MiKTeX\tex/latex/vntex\vietnam.sty
Package: vietnam 2009/07/12 v1.3 support for Vietnamese

(C:\Users\Admin\AppData\Local\Programs\MiKTeX\tex/latex/base\ifthen.sty
Package: ifthen 2022/04/13 v1.1d Standard LaTeX ifthen package (DPC)
)
(C:\Users\Admin\AppData\Local\Programs\MiKTeX\tex/latex/base\fontenc.sty
Package: fontenc 2021/04/29 v2.0v Standard LaTeX package

(C:\Users\Admin\AppData\Local\Programs\MiKTeX\tex/latex/vntex\t5enc.def
File: t5enc.def 2006/11/21 v1.4 Vietnamese T5 encoding
Now handling font encoding T5 ...
... processing UTF-8 mapping file for font encoding T5

(C:\Users\Admin\AppData\Local\Programs\MiKTeX\tex/latex/vntex\t5enc.dfu
File: t5enc.dfu 2006/08/19 v1.1 UTF8 support for Vietnamese
   defining Unicode char U+00AB (decimal 171)
   defining Unicode char U+00BB (decimal 187)
   defining Unicode char U+00C0 (decimal 192)
   defining Unicode char U+00C1 (decimal 193)
   defining Unicode char U+00C2 (decimal 194)
   defining Unicode char U+00C3 (decimal 195)
   defining Unicode char U+00C8 (decimal 200)
   defining Unicode char U+00C9 (decimal 201)
   defining Unicode char U+00CA (decimal 202)
   defining Unicode char U+00CC (decimal 204)
   defining Unicode char U+00CD (decimal 205)
   defining Unicode char U+00D2 (decimal 210)
   defining Unicode char U+00D3 (decimal 211)
   defining Unicode char U+00D4 (decimal 212)
   defining Unicode char U+00D5 (decimal 213)
   defining Unicode char U+00D9 (decimal 217)
   defining Unicode char U+00DA (decimal 218)
   defining Unicode char U+00DD (decimal 221)
   defining Unicode char U+00E0 (decimal 224)
   defining Unicode char U+00E1 (decimal 225)
   defining Unicode char U+00E2 (decimal 226)
   defining Unicode char U+00E3 (decimal 227)
   defining Unicode char U+00E8 (decimal 232)
   defining Unicode char U+00E9 (decimal 233)
   defining Unicode char U+00EA (decimal 234)
   defining Unicode char U+00EC (decimal 236)
   defining Unicode char U+00ED (decimal 237)
   defining Unicode char U+00F2 (decimal 242)
   defining Unicode char U+00F3 (decimal 243)
   defining Unicode char U+00F4 (decimal 244)
   defining Unicode char U+00F5 (decimal 245)
   defining Unicode char U+00F9 (decimal 249)
   defining Unicode char U+00FA (decimal 250)
   defining Unicode char U+00FD (decimal 253)
   defining Unicode char U+0102 (decimal 258)
   defining Unicode char U+0103 (decimal 259)
   defining Unicode char U+0110 (decimal 272)
   defining Unicode char U+0111 (decimal 273)
   defining Unicode char U+0128 (decimal 296)
   defining Unicode char U+0129 (decimal 297)
   defining Unicode char U+0131 (decimal 305)
   defining Unicode char U+0168 (decimal 360)
   defining Unicode char U+0169 (decimal 361)
   defining Unicode char U+01A0 (decimal 416)
   defining Unicode char U+01A1 (decimal 417)
   defining Unicode char U+01AF (decimal 431)
   defining Unicode char U+01B0 (decimal 432)
   defining Unicode char U+1EA0 (decimal 7840)
   defining Unicode char U+1EA1 (decimal 7841)
   defining Unicode char U+1EA2 (decimal 7842)
   defining Unicode char U+1EA3 (decimal 7843)
   defining Unicode char U+1EA4 (decimal 7844)
   defining Unicode char U+1EA5 (decimal 7845)
   defining Unicode char U+1EA6 (decimal 7846)
   defining Unicode char U+1EA7 (decimal 7847)
   defining Unicode char U+1EA8 (decimal 7848)
   defining Unicode char U+1EA9 (decimal 7849)
   defining Unicode char U+1EAA (decimal 7850)
   defining Unicode char U+1EAB (decimal 7851)
   defining Unicode char U+1EAC (decimal 7852)
   defining Unicode char U+1EAD (decimal 7853)
   defining Unicode char U+1EAE (decimal 7854)
   defining Unicode char U+1EAF (decimal 7855)
   defining Unicode char U+1EB0 (decimal 7856)
   defining Unicode char U+1EB1 (decimal 7857)
   defining Unicode char U+1EB2 (decimal 7858)
   defining Unicode char U+1EB3 (decimal 7859)
   defining Unicode char U+1EB4 (decimal 7860)
   defining Unicode char U+1EB5 (decimal 7861)
   defining Unicode char U+1EB6 (decimal 7862)
   defining Unicode char U+1EB7 (decimal 7863)
   defining Unicode char U+1EB8 (decimal 7864)
   defining Unicode char U+1EB9 (decimal 7865)
   defining Unicode char U+1EBA (decimal 7866)
   defining Unicode char U+1EBB (decimal 7867)
   defining Unicode char U+1EBC (decimal 7868)
   defining Unicode char U+1EBD (decimal 7869)
   defining Unicode char U+1EBE (decimal 7870)
   defining Unicode char U+1EBF (decimal 7871)
   defining Unicode char U+1EC0 (decimal 7872)
   defining Unicode char U+1EC1 (decimal 7873)
   defining Unicode char U+1EC2 (decimal 7874)
   defining Unicode char U+1EC3 (decimal 7875)
   defining Unicode char U+1EC4 (decimal 7876)
   defining Unicode char U+1EC5 (decimal 7877)
   defining Unicode char U+1EC6 (decimal 7878)
   defining Unicode char U+1EC7 (decimal 7879)
   defining Unicode char U+1EC8 (decimal 7880)
   defining Unicode char U+1EC9 (decimal 7881)
   defining Unicode char U+1ECA (decimal 7882)
   defining Unicode char U+1ECB (decimal 7883)
   defining Unicode char U+1ECC (decimal 7884)
   defining Unicode char U+1ECD (decimal 7885)
   defining Unicode char U+1ECE (decimal 7886)
   defining Unicode char U+1ECF (decimal 7887)
   defining Unicode char U+1ED0 (decimal 7888)
   defining Unicode char U+1ED1 (decimal 7889)
   defining Unicode char U+1ED2 (decimal 7890)
   defining Unicode char U+1ED3 (decimal 7891)
   defining Unicode char U+1ED4 (decimal 7892)
   defining Unicode char U+1ED5 (decimal 7893)
   defining Unicode char U+1ED6 (decimal 7894)
   defining Unicode char U+1ED7 (decimal 7895)
   defining Unicode char U+1ED8 (decimal 7896)
   defining Unicode char U+1ED9 (decimal 7897)
   defining Unicode char U+1EDA (decimal 7898)
   defining Unicode char U+1EDB (decimal 7899)
   defining Unicode char U+1EDC (decimal 7900)
   defining Unicode char U+1EDD (decimal 7901)
   defining Unicode char U+1EDE (decimal 7902)
   defining Unicode char U+1EDF (decimal 7903)
   defining Unicode char U+1EE0 (decimal 7904)
   defining Unicode char U+1EE1 (decimal 7905)
   defining Unicode char U+1EE2 (decimal 7906)
   defining Unicode char U+1EE3 (decimal 7907)
   defining Unicode char U+1EE4 (decimal 7908)
   defining Unicode char U+1EE5 (decimal 7909)
   defining Unicode char U+1EE6 (decimal 7910)
   defining Unicode char U+1EE7 (decimal 7911)
   defining Unicode char U+1EE8 (decimal 7912)
   defining Unicode char U+1EE9 (decimal 7913)
   defining Unicode char U+1EEA (decimal 7914)
   defining Unicode char U+1EEB (decimal 7915)
   defining Unicode char U+1EEC (decimal 7916)
   defining Unicode char U+1EED (decimal 7917)
   defining Unicode char U+1EEE (decimal 7918)
   defining Unicode char U+1EEF (decimal 7919)
   defining Unicode char U+1EF0 (decimal 7920)
   defining Unicode char U+1EF1 (decimal 7921)
   defining Unicode char U+1EF2 (decimal 7922)
   defining Unicode char U+1EF3 (decimal 7923)
   defining Unicode char U+1EF4 (decimal 7924)
   defining Unicode char U+1EF5 (decimal 7925)
   defining Unicode char U+1EF6 (decimal 7926)
   defining Unicode char U+1EF7 (decimal 7927)
   defining Unicode char U+1EF8 (decimal 7928)
   defining Unicode char U+1EF9 (decimal 7929)
   defining Unicode char U+200C (decimal 8204)
   defining Unicode char U+2013 (decimal 8211)
   defining Unicode char U+2014 (decimal 8212)
   defining Unicode char U+2018 (decimal 8216)
   defining Unicode char U+2019 (decimal 8217)
   defining Unicode char U+201A (decimal 8218)
   defining Unicode char U+201C (decimal 8220)
   defining Unicode char U+201D (decimal 8221)
   defining Unicode char U+201E (decimal 8222)
   defining Unicode char U+2030 (decimal 8240)
   defining Unicode char U+2031 (decimal 8241)
   defining Unicode char U+2039 (decimal 8249)
   defining Unicode char U+203A (decimal 8250)
   defining Unicode char U+2423 (decimal 9251)
))
LaTeX Font Info:    Trying to load font information for T5+cmr on input line 11
2.

(C:\Users\Admin\AppData\Local\Programs\MiKTeX\tex/latex/vntex\t5cmr.fd
File: t5cmr.fd 1999/05/25 v2.5h Standard LaTeX font definitions
))
(C:\Users\Admin\AppData\Local\Programs\MiKTeX\tex/latex/base\inputenc.sty
Package: inputenc 2021/02/14 v1.3d Input encoding file
\inpenc@prehook=\toks17
\inpenc@posthook=\toks18
)
(C:\Users\Admin\AppData\Local\Programs\MiKTeX\tex/latex/vntex\vncaps.tex
File: vncaps.tex 2006/06/07 v1.1 Captions in Vietnamese
))
(C:\Users\Admin\AppData\Local\Programs\MiKTeX\tex/latex/amsmath\amsmath.sty
Package: amsmath 2023/05/13 v2.17o AMS math features
\@mathmargin=\skip50

For additional information on amsmath, use the `?' option.
(C:\Users\Admin\AppData\Local\Programs\MiKTeX\tex/latex/amsmath\amstext.sty
Package: amstext 2021/08/26 v2.01 AMS text

(C:\Users\Admin\AppData\Local\Programs\MiKTeX\tex/latex/amsmath\amsgen.sty
File: amsgen.sty 1999/11/30 v2.0 generic functions
\@emptytoks=\toks19
\ex@=\dimen141
))
(C:\Users\Admin\AppData\Local\Programs\MiKTeX\tex/latex/amsmath\amsbsy.sty
Package: amsbsy 1999/11/29 v1.2d Bold Symbols
\pmbraise@=\dimen142
)
(C:\Users\Admin\AppData\Local\Programs\MiKTeX\tex/latex/amsmath\amsopn.sty
Package: amsopn 2022/04/08 v2.04 operator names
)
\inf@bad=\count195
LaTeX Info: Redefining \frac on input line 234.
\uproot@=\count196
\leftroot@=\count197
LaTeX Info: Redefining \overline on input line 399.
LaTeX Info: Redefining \colon on input line 410.
\classnum@=\count198
\DOTSCASE@=\count199
LaTeX Info: Redefining \ldots on input line 496.
LaTeX Info: Redefining \dots on input line 499.
LaTeX Info: Redefining \cdots on input line 620.
\Mathstrutbox@=\box51
\strutbox@=\box52
LaTeX Info: Redefining \big on input line 722.
LaTeX Info: Redefining \Big on input line 723.
LaTeX Info: Redefining \bigg on input line 724.
LaTeX Info: Redefining \Bigg on input line 725.
\big@size=\dimen143
LaTeX Font Info:    Redeclaring font encoding OML on input line 743.
LaTeX Font Info:    Redeclaring font encoding OMS on input line 744.
\macc@depth=\count266
LaTeX Info: Redefining \bmod on input line 905.
LaTeX Info: Redefining \pmod on input line 910.
LaTeX Info: Redefining \smash on input line 940.
LaTeX Info: Redefining \relbar on input line 970.
LaTeX Info: Redefining \Relbar on input line 971.
\c@MaxMatrixCols=\count267
\dotsspace@=\muskip16
\c@parentequation=\count268
\dspbrk@lvl=\count269
\tag@help=\toks20
\row@=\count270
\column@=\count271
\maxfields@=\count272
\andhelp@=\toks21
\eqnshift@=\dimen144
\alignsep@=\dimen145
\tagshift@=\dimen146
\tagwidth@=\dimen147
\totwidth@=\dimen148
\lineht@=\dimen149
\@envbody=\toks22
\multlinegap=\skip51
\multlinetaggap=\skip52
\mathdisplay@stack=\toks23
LaTeX Info: Redefining \[ on input line 2953.
LaTeX Info: Redefining \] on input line 2954.
)
(C:\Users\Admin\AppData\Local\Programs\MiKTeX\tex/latex/graphics\graphicx.sty
Package: graphicx 2021/09/16 v1.2d Enhanced LaTeX Graphics (DPC,SPQR)

(C:\Users\Admin\AppData\Local\Programs\MiKTeX\tex/latex/graphics\keyval.sty
Package: keyval 2022/05/29 v1.15 key=value parser (DPC)
\KV@toks@=\toks24
)
(C:\Users\Admin\AppData\Local\Programs\MiKTeX\tex/latex/graphics\graphics.sty
Package: graphics 2022/03/10 v1.4e Standard LaTeX Graphics (DPC,SPQR)

(C:\Users\Admin\AppData\Local\Programs\MiKTeX\tex/latex/graphics\trig.sty
Package: trig 2021/08/11 v1.11 sin cos tan (DPC)
)
(C:\Users\Admin\AppData\Local\Programs\MiKTeX\tex/latex/graphics-cfg\graphics.c
fg
File: graphics.cfg 2016/06/04 v1.11 sample graphics configuration
)
Package graphics Info: Driver file: pdftex.def on input line 107.

(C:\Users\Admin\AppData\Local\Programs\MiKTeX\tex/latex/graphics-def\pdftex.def
File: pdftex.def 2022/09/22 v1.2b Graphics/color driver for pdftex
))
\Gin@req@height=\dimen150
\Gin@req@width=\dimen151
)
(C:\Users\Admin\AppData\Local\Programs\MiKTeX\tex/latex/hyperref\hyperref.sty
Package: hyperref 2023-11-26 v7.01g Hypertext links for LaTeX

(C:\Users\Admin\AppData\Local\Programs\MiKTeX\tex/generic/iftex\iftex.sty
Package: iftex 2022/02/03 v1.0f TeX engine tests
)
(C:\Users\Admin\AppData\Local\Programs\MiKTeX\tex/generic/infwarerr\infwarerr.s
ty
Package: infwarerr 2019/12/03 v1.5 Providing info/warning/error messages (HO)
)
(C:\Users\Admin\AppData\Local\Programs\MiKTeX\tex/latex/kvsetkeys\kvsetkeys.sty
Package: kvsetkeys 2022-10-05 v1.19 Key value parser (HO)
)
(C:\Users\Admin\AppData\Local\Programs\MiKTeX\tex/generic/kvdefinekeys\kvdefine
keys.sty
Package: kvdefinekeys 2019-12-19 v1.6 Define keys (HO)
)
(C:\Users\Admin\AppData\Local\Programs\MiKTeX\tex/generic/pdfescape\pdfescape.s
ty
Package: pdfescape 2019/12/09 v1.15 Implements pdfTeX's escape features (HO)

(C:\Users\Admin\AppData\Local\Programs\MiKTeX\tex/generic/ltxcmds\ltxcmds.sty
Package: ltxcmds 2023-12-04 v1.26 LaTeX kernel commands for general use (HO)
)
(C:\Users\Admin\AppData\Local\Programs\MiKTeX\tex/generic/pdftexcmds\pdftexcmds
.sty
Package: pdftexcmds 2020-06-27 v0.33 Utility functions of pdfTeX for LuaTeX (HO
)
Package pdftexcmds Info: \pdf@primitive is available.
Package pdftexcmds Info: \pdf@ifprimitive is available.
Package pdftexcmds Info: \pdfdraftmode found.
))
(C:\Users\Admin\AppData\Local\Programs\MiKTeX\tex/latex/hycolor\hycolor.sty
Package: hycolor 2020-01-27 v1.10 Color options for hyperref/bookmark (HO)
)
(C:\Users\Admin\AppData\Local\Programs\MiKTeX\tex/latex/letltxmacro\letltxmacro
.sty
Package: letltxmacro 2019/12/03 v1.6 Let assignment for LaTeX macros (HO)
)
(C:\Users\Admin\AppData\Local\Programs\MiKTeX\tex/latex/auxhook\auxhook.sty
Package: auxhook 2019-12-17 v1.6 Hooks for auxiliary files (HO)
)
(C:\Users\Admin\AppData\Local\Programs\MiKTeX\tex/latex/hyperref\nameref.sty
Package: nameref 2023-11-26 v2.56 Cross-referencing by name of section

(C:\Users\Admin\AppData\Local\Programs\MiKTeX\tex/latex/refcount\refcount.sty
Package: refcount 2019/12/15 v3.6 Data extraction from label references (HO)
)
(C:\Users\Admin\AppData\Local\Programs\MiKTeX\tex/generic/gettitlestring\gettit
lestring.sty
Package: gettitlestring 2019/12/15 v1.6 Cleanup title references (HO)

(C:\Users\Admin\AppData\Local\Programs\MiKTeX\tex/latex/kvoptions\kvoptions.sty
Package: kvoptions 2022-06-15 v3.15 Key value format for package options (HO)
))
\c@section@level=\count273
)
(C:\Users\Admin\AppData\Local\Programs\MiKTeX\tex/latex/etoolbox\etoolbox.sty
Package: etoolbox 2020/10/05 v2.5k e-TeX tools for LaTeX (JAW)
\etb@tempcnta=\count274
)
\@linkdim=\dimen152
\Hy@linkcounter=\count275
\Hy@pagecounter=\count276

(C:\Users\Admin\AppData\Local\Programs\MiKTeX\tex/latex/hyperref\pd1enc.def
File: pd1enc.def 2023-11-26 v7.01g Hyperref: PDFDocEncoding definition (HO)
Now handling font encoding PD1 ...
... no UTF-8 mapping file for font encoding PD1
)
(C:\Users\Admin\AppData\Local\Programs\MiKTeX\tex/generic/intcalc\intcalc.sty
Package: intcalc 2019/12/15 v1.3 Expandable calculations with integers (HO)
)
\Hy@SavedSpaceFactor=\count277

(C:\Users\Admin\AppData\Local\Programs\MiKTeX\tex/latex/hyperref\puenc.def
File: puenc.def 2023-11-26 v7.01g Hyperref: PDF Unicode definition (HO)
Now handling font encoding PU ...
... no UTF-8 mapping file for font encoding PU
)
Package hyperref Info: Hyper figures OFF on input line 4181.
Package hyperref Info: Link nesting OFF on input line 4186.
Package hyperref Info: Hyper index ON on input line 4189.
Package hyperref Info: Plain pages OFF on input line 4196.
Package hyperref Info: Backreferencing OFF on input line 4201.
Package hyperref Info: Implicit mode ON; LaTeX internals redefined.
Package hyperref Info: Bookmarks ON on input line 4448.
\c@Hy@tempcnt=\count278

(C:\Users\Admin\AppData\Local\Programs\MiKTeX\tex/latex/url\url.sty
\Urlmuskip=\muskip17
Package: url 2013/09/16  ver 3.4  Verb mode for urls, etc.
)
LaTeX Info: Redefining \url on input line 4786.
\XeTeXLinkMargin=\dimen153

(C:\Users\Admin\AppData\Local\Programs\MiKTeX\tex/generic/bitset\bitset.sty
Package: bitset 2019/12/09 v1.3 Handle bit-vector datatype (HO)

(C:\Users\Admin\AppData\Local\Programs\MiKTeX\tex/generic/bigintcalc\bigintcalc
.sty
Package: bigintcalc 2019/12/15 v1.5 Expandable calculations on big integers (HO
)
))
\Fld@menulength=\count279
\Field@Width=\dimen154
\Fld@charsize=\dimen155
Package hyperref Info: Hyper figures OFF on input line 6065.
Package hyperref Info: Link nesting OFF on input line 6070.
Package hyperref Info: Hyper index ON on input line 6073.
Package hyperref Info: backreferencing OFF on input line 6080.
Package hyperref Info: Link coloring OFF on input line 6085.
Package hyperref Info: Link coloring with OCG OFF on input line 6090.
Package hyperref Info: PDF/A mode OFF on input line 6095.

(C:\Users\Admin\AppData\Local\Programs\MiKTeX\tex/latex/base\atbegshi-ltx.sty
Package: atbegshi-ltx 2021/01/10 v1.0c Emulation of the original atbegshi
package with kernel methods
)
\Hy@abspage=\count280
\c@Item=\count281
\c@Hfootnote=\count282
)
Package hyperref Info: Driver (autodetected): hpdftex.
(C:\Users\Admin\AppData\Local\Programs\MiKTeX\tex/latex/hyperref\hpdftex.def
File: hpdftex.def 2023-11-26 v7.01g Hyperref driver for pdfTeX

(C:\Users\Admin\AppData\Local\Programs\MiKTeX\tex/latex/base\atveryend-ltx.sty
Package: atveryend-ltx 2020/08/19 v1.0a Emulation of the original atveryend pac
kage
with kernel methods
)
\Fld@listcount=\count283
\c@bookmark@seq@number=\count284

(C:\Users\Admin\AppData\Local\Programs\MiKTeX\tex/latex/rerunfilecheck\rerunfil
echeck.sty
Package: rerunfilecheck 2025-06-21 v1.11 Rerun checks for auxiliary files (HO)

(C:\Users\Admin\AppData\Local\Programs\MiKTeX\tex/generic/uniquecounter\uniquec
ounter.sty
Package: uniquecounter 2019/12/15 v1.4 Provide unlimited unique counter (HO)
)
Package uniquecounter Info: New unique counter `rerunfilecheck' on input line 2
84.
)
\Hy@SectionHShift=\skip53
)
(C:\Users\Admin\AppData\Local\Programs\MiKTeX\tex/latex/listings\listings.sty
\lst@mode=\count285
\lst@gtempboxa=\box53
\lst@token=\toks25
\lst@length=\count286
\lst@currlwidth=\dimen156
\lst@column=\count287
\lst@pos=\count288
\lst@lostspace=\dimen157
\lst@width=\dimen158
\lst@newlines=\count289
\lst@lineno=\count290
\lst@maxwidth=\dimen159

(C:\Users\Admin\AppData\Local\Programs\MiKTeX\tex/latex/listings\lstmisc.sty
File: lstmisc.sty 2023/02/27 1.9 (Carsten Heinz)
\c@lstnumber=\count291
\lst@skipnumbers=\count292
\lst@framebox=\box54
)
(C:\Users\Admin\AppData\Local\Programs\MiKTeX\tex/latex/listings\listings.cfg
File: listings.cfg 2023/02/27 1.9 listings configuration
))
Package: listings 2023/02/27 1.9 (Carsten Heinz)
(C:\Users\Admin\AppData\Local\Programs\MiKTeX\tex/latex/xcolor\xcolor.sty
Package: xcolor 2023/11/15 v3.01 LaTeX color extensions (UK)

(C:\Users\Admin\AppData\Local\Programs\MiKTeX\tex/latex/graphics-cfg\color.cfg
File: color.cfg 2016/01/02 v1.6 sample color configuration
)
Package xcolor Info: Driver file: pdftex.def on input line 274.
(C:\Users\Admin\AppData\Local\Programs\MiKTeX\tex/latex/graphics\mathcolor.ltx)
Package xcolor Info: Model `cmy' substituted by `cmy0' on input line 1350.
Package xcolor Info: Model `hsb' substituted by `rgb' on input line 1354.
Package xcolor Info: Model `RGB' extended on input line 1366.
Package xcolor Info: Model `HTML' substituted by `rgb' on input line 1368.
Package xcolor Info: Model `Hsb' substituted by `hsb' on input line 1369.
Package xcolor Info: Model `tHsb' substituted by `hsb' on input line 1370.
Package xcolor Info: Model `HSB' substituted by `hsb' on input line 1371.
Package xcolor Info: Model `Gray' substituted by `gray' on input line 1372.
Package xcolor Info: Model `wave' substituted by `hsb' on input line 1373.
) (C:\Users\Admin\AppData\Local\Programs\MiKTeX\tex/latex/geometry\geometry.sty
Package: geometry 2020/01/02 v5.9 Page Geometry
(C:\Users\Admin\AppData\Local\Programs\MiKTeX\tex/generic/iftex\ifvtex.sty
Package: ifvtex 2019/10/25 v1.7 ifvtex legacy package. Use iftex instead.
)
\Gm@cnth=\count293
\Gm@cntv=\count294
\c@Gm@tempcnt=\count295
\Gm@bindingoffset=\dimen160
\Gm@wd@mp=\dimen161
\Gm@odd@mp=\dimen162
\Gm@even@mp=\dimen163
\Gm@layoutwidth=\dimen164
\Gm@layoutheight=\dimen165
\Gm@layouthoffset=\dimen166
\Gm@layoutvoffset=\dimen167
\Gm@dimlist=\toks26

(C:\Users\Admin\AppData\Local\Programs\MiKTeX\tex/latex/geometry\geometry.cfg))
(C:\Users\Admin\AppData\Local\Programs\MiKTeX\tex/latex/tools\array.sty
Package: array 2023/10/16 v2.5g Tabular extension package (FMi)
\col@sep=\dimen168
\ar@mcellbox=\box55
\extrarowheight=\dimen169
\NC@list=\toks27
\extratabsurround=\skip54
\backup@length=\skip55
\ar@cellbox=\box56
)
(C:\Users\Admin\AppData\Local\Programs\MiKTeX\tex/latex/booktabs\booktabs.sty
Package: booktabs 2020/01/12 v1.61803398 Publication quality tables
\heavyrulewidth=\dimen170
\lightrulewidth=\dimen171
\cmidrulewidth=\dimen172
\belowrulesep=\dimen173
\belowbottomsep=\dimen174
\aboverulesep=\dimen175
\abovetopsep=\dimen176
\cmidrulesep=\dimen177
\cmidrulekern=\dimen178
\defaultaddspace=\dimen179
\@cmidla=\count296
\@cmidlb=\count297
\@aboverulesep=\dimen180
\@belowrulesep=\dimen181
\@thisruleclass=\count298
\@lastruleclass=\count299
\@thisrulewidth=\dimen182
)
(C:\Users\Admin\AppData\Local\Programs\MiKTeX\tex/latex/tools\longtable.sty
Package: longtable 2023-11-01 v4.19 Multi-page Table package (DPC)
\LTleft=\skip56
\LTright=\skip57
\LTpre=\skip58
\LTpost=\skip59
\LTchunksize=\count300
\LTcapwidth=\dimen183
\LT@head=\box57
\LT@firsthead=\box58
\LT@foot=\box59
\LT@lastfoot=\box60
\LT@gbox=\box61
\LT@cols=\count301
\LT@rows=\count302
\c@LT@tables=\count303
\c@LT@chunks=\count304
\LT@p@ftn=\toks28
)
(C:\Users\Admin\AppData\Local\Programs\MiKTeX\tex/latex/fancyhdr\fancyhdr.sty
Package: fancyhdr 2025/02/07 v5.2 Extensive control of page headers and footers

\f@nch@headwidth=\skip60
\f@nch@offset@elh=\skip61
\f@nch@offset@erh=\skip62
\f@nch@offset@olh=\skip63
\f@nch@offset@orh=\skip64
\f@nch@offset@elf=\skip65
\f@nch@offset@erf=\skip66
\f@nch@offset@olf=\skip67
\f@nch@offset@orf=\skip68
\f@nch@height=\skip69
\f@nch@footalignment=\skip70
\f@nch@widthL=\skip71
\f@nch@widthC=\skip72
\f@nch@widthR=\skip73
\@temptokenb=\toks29
)
(C:\Users\Admin\AppData\Local\Programs\MiKTeX\tex/latex/setspace\setspace.sty
Package: setspace 2022/12/04 v6.7b set line spacing
)
(C:\Users\Admin\AppData\Local\Programs\MiKTeX\tex/latex/l3backend\l3backend-pdf
tex.def
File: l3backend-pdftex.def 2024-01-04 L3 backend support: PDF output (pdfTeX)
\l__color_backend_stack_int=\count305
\l__pdf_internal_box=\box62
) (BaoCao_TongHop.aux)
\openout1 = `BaoCao_TongHop.aux'.

LaTeX Font Info:    Checking defaults for OML/cmm/m/it on input line 37.
LaTeX Font Info:    ... okay on input line 37.
LaTeX Font Info:    Checking defaults for OMS/cmsy/m/n on input line 37.
LaTeX Font Info:    ... okay on input line 37.
LaTeX Font Info:    Checking defaults for OT1/cmr/m/n on input line 37.
LaTeX Font Info:    ... okay on input line 37.
LaTeX Font Info:    Checking defaults for T1/cmr/m/n on input line 37.
LaTeX Font Info:    ... okay on input line 37.
LaTeX Font Info:    Checking defaults for TS1/cmr/m/n on input line 37.
LaTeX Font Info:    ... okay on input line 37.
LaTeX Font Info:    Checking defaults for OMX/cmex/m/n on input line 37.
LaTeX Font Info:    ... okay on input line 37.
LaTeX Font Info:    Checking defaults for U/cmr/m/n on input line 37.
LaTeX Font Info:    ... okay on input line 37.
LaTeX Font Info:    Checking defaults for T5/cmr/m/n on input line 37.
LaTeX Font Info:    ... okay on input line 37.
LaTeX Font Info:    Checking defaults for PD1/pdf/m/n on input line 37.
LaTeX Font Info:    ... okay on input line 37.
LaTeX Font Info:    Checking defaults for PU/pdf/m/n on input line 37.
LaTeX Font Info:    ... okay on input line 37.

(C:\Users\Admin\AppData\Local\Programs\MiKTeX\tex/context/base/mkii\supp-pdf.mk
ii
[Loading MPS to PDF converter (version 2006.09.02).]
\scratchcounter=\count306
\scratchdimen=\dimen184
\scratchbox=\box63
\nofMPsegments=\count307
\nofMParguments=\count308
\everyMPshowfont=\toks30
\MPscratchCnt=\count309
\MPscratchDim=\dimen185
\MPnumerator=\count310
\makeMPintoPDFobject=\count311
\everyMPtoPDFconversion=\toks31
)
(C:\Users\Admin\AppData\Local\Programs\MiKTeX\tex/latex/epstopdf-pkg\epstopdf-b
ase.sty
Package: epstopdf-base 2020-01-24 v2.11 Base part for package epstopdf
Package epstopdf-base Info: Redefining graphics rule for `.eps' on input line 4
85.

(C:\Users\Admin\AppData\Local\Programs\MiKTeX\tex/latex/00miktex\epstopdf-sys.c
fg
File: epstopdf-sys.cfg 2021/03/18 v2.0 Configuration of epstopdf for MiKTeX
))
Package hyperref Info: Link coloring OFF on input line 37.
 (BaoCao_TongHop.out) (BaoCao_TongHop.out)
\@outlinefile=\write3
\openout3 = `BaoCao_TongHop.out'.

\c@lstlisting=\count312

*geometry* driver: auto-detecting
*geometry* detected driver: pdftex
*geometry* verbose mode - [ preamble ] result:
* driver: pdftex
* paper: a4paper
* layout: <same size as paper>
* layoutoffset:(h,v)=(0.0pt,0.0pt)
* modes: 
* h-part:(L,W,R)=(85.35826pt, 455.24411pt, 56.9055pt)
* v-part:(T,H,B)=(56.9055pt, 731.23584pt, 56.9055pt)
* \paperwidth=597.50787pt
* \paperheight=845.04684pt
* \textwidth=455.24411pt
* \textheight=731.23584pt
* \oddsidemargin=13.08827pt
* \evensidemargin=13.08827pt
* \topmargin=-52.36449pt
* \headheight=12.0pt
* \headsep=25.0pt
* \topskip=12.0pt
* \footskip=30.0pt
* \marginparwidth=35.0pt
* \marginparsep=10.0pt
* \columnsep=10.0pt
* \skip\footins=10.8pt plus 4.0pt minus 2.0pt
* \hoffset=0.0pt
* \voffset=0.0pt
* \mag=1000
* \@twocolumnfalse
* \@twosidefalse
* \@mparswitchfalse
* \@reversemarginfalse
* (1in=72.27pt=25.4mm, 1cm=28.453pt)


LaTeX Warning: File `logo.png' not found on input line 50.


! Package pdftex.def Error: File `logo.png' not found: using draft setting.

See the pdftex.def package documentation for explanation.
Type  H <return>  for immediate help.
 ...                                              
                                                  
l.50 ...udegraphics[width=0.3\textwidth]{logo.png}
                                                   % Th√™m logo tr∆∞·ªùng n·...

Try typing  <return>  to proceed.
If that doesn't work, type  X <return>  to quit.

LaTeX Font Info:    Trying to load font information for T5+cmtt on input line 5
0.
(C:\Users\Admin\AppData\Local\Programs\MiKTeX\tex/latex/vntex\t5cmtt.fd
File: t5cmtt.fd 1999/05/25 v2.5h Standard LaTeX font definitions
)
[1

{C:/Users/Admin/AppData/Local/MiKTeX/fonts/map/pdftex/pdftex.map}]
(BaoCao_TongHop.toc

Package fancyhdr Warning: \headheight is too small (12.0pt): 
(fancyhdr)                Make it at least 14.93912pt, for example:
(fancyhdr)                \setlength{\headheight}{14.93912pt}.
(fancyhdr)                You might also make \topmargin smaller:
(fancyhdr)                \addtolength{\topmargin}{-2.93912pt}.


pdfTeX warning (ext4): destination with the same identifier (name{page.1}) has 
been already used, duplicate ignored
<to be read again> 
                   \relax 
l.46 ...line {7}Ph·∫ßn M·ªü R·ªông}{22}{section.7}
                                                  % [1]

Package fancyhdr Warning: \headheight is too small (12.0pt): 
(fancyhdr)                Make it at least 14.93912pt, for example:
(fancyhdr)                \setlength{\headheight}{14.93912pt}.
(fancyhdr)                You might also make \topmargin smaller:
(fancyhdr)                \addtolength{\topmargin}{-2.93912pt}.

[2])
\tf@toc=\write4
\openout4 = `BaoCao_TongHop.toc'.



Package fancyhdr Warning: \headheight is too small (12.0pt): 
(fancyhdr)                Make it at least 14.93912pt, for example:
(fancyhdr)                \setlength{\headheight}{14.93912pt}.
(fancyhdr)                You might also make \topmargin smaller:
(fancyhdr)                \addtolength{\topmargin}{-2.93912pt}.

[3]

Package fancyhdr Warning: \headheight is too small (12.0pt): 
(fancyhdr)                Make it at least 14.93912pt, for example:
(fancyhdr)                \setlength{\headheight}{14.93912pt}.
(fancyhdr)                You might also make \topmargin smaller:
(fancyhdr)                \addtolength{\topmargin}{-2.93912pt}.

[4] (../bao_cao_unit_testing/BaoCao_UnitTesting_Content.tex
Overfull \hbox (26.77925pt too wide) in alignment at lines 52--56
 [] [] [] [] 
 []


Overfull \hbox (26.77925pt too wide) in alignment at lines 56--63
 [] [] [] [] 
 []


Overfull \hbox (26.77925pt too wide) in alignment at lines 63--66
 [] [] [] [] 
 []


Overfull \hbox (26.77925pt too wide) in alignment at lines 66--69
 [] [] [] [] 
 []


Overfull \hbox (6.24153pt too wide) in paragraph at lines 73--73
[]|\T5/cmr/m/n/12 TC_LOGIN_001| 
 []


Underfull \hbox (badness 1264) in paragraph at lines 73--73
[]|\T5/cmr/m/n/12 Tr£ v∑ lÈi: \T5/cmr/m/it/12 "T∂n ^^_´ng
 []


Underfull \hbox (badness 10000) in paragraph at lines 73--73
\T5/cmr/m/it/12 nh™p khÊng ^^_˜Òc ^^_∫
 []


Overfull \hbox (6.24153pt too wide) in paragraph at lines 75--75
[]|\T5/cmr/m/n/12 TC_LOGIN_002| 
 []


Underfull \hbox (badness 1264) in paragraph at lines 75--75
[]|\T5/cmr/m/n/12 Tr£ v∑ lÈi: \T5/cmr/m/it/12 "T∂n ^^_´ng
 []


Overfull \hbox (6.24153pt too wide) in paragraph at lines 77--77
[]|\T5/cmr/m/n/12 TC_LOGIN_003| 
 []


Underfull \hbox (badness 1264) in paragraph at lines 77--77
[]|\T5/cmr/m/n/12 Tr£ v∑ lÈi: \T5/cmr/m/it/12 "T∂n ^^_´ng
 []


Overfull \hbox (6.24153pt too wide) in paragraph at lines 79--79
[]|\T5/cmr/m/n/12 TC_LOGIN_004| 
 []


Underfull \hbox (badness 1264) in paragraph at lines 79--79
[]|\T5/cmr/m/n/12 Tr£ v∑ lÈi: \T5/cmr/m/it/12 "T∂n ^^_´ng
 []


Overfull \hbox (6.24153pt too wide) in paragraph at lines 81--81
[]|\T5/cmr/m/n/12 TC_LOGIN_005| 
 []


Underfull \hbox (badness 7081) in paragraph at lines 81--81
[]|\T5/cmr/m/n/12 Username hÒp lª (vΩ dˆ:
 []


Overfull \hbox (6.24153pt too wide) in paragraph at lines 86--86
[]|\T5/cmr/m/n/12 TC_LOGIN_006| 
 []


Underfull \hbox (badness 1137) in paragraph at lines 86--86
[]|\T5/cmr/m/n/12 Tr£ v∑ lÈi: \T5/cmr/m/it/12 "M™t kh©u
 []


Overfull \hbox (6.24153pt too wide) in paragraph at lines 88--88
[]|\T5/cmr/m/n/12 TC_LOGIN_007| 
 []


Underfull \hbox (badness 1137) in paragraph at lines 88--88
[]|\T5/cmr/m/n/12 Tr£ v∑ lÈi: \T5/cmr/m/it/12 "M™t kh©u
 []


Overfull \hbox (6.24153pt too wide) in paragraph at lines 90--90
[]|\T5/cmr/m/n/12 TC_LOGIN_008| 
 []


Underfull \hbox (badness 1137) in paragraph at lines 90--90
[]|\T5/cmr/m/n/12 Tr£ v∑ lÈi: \T5/cmr/m/it/12 "M™t kh©u
 []


Overfull \hbox (6.24153pt too wide) in paragraph at lines 92--92
[]|\T5/cmr/m/n/12 TC_LOGIN_009| 
 []


Underfull \hbox (badness 1137) in paragraph at lines 92--92
[]|\T5/cmr/m/n/12 Tr£ v∑ lÈi: \T5/cmr/m/it/12 "M™t kh©u
 []


Overfull \hbox (6.24153pt too wide) in paragraph at lines 94--94
[]|\T5/cmr/m/n/12 TC_LOGIN_010| 
 []


Underfull \hbox (badness 1137) in paragraph at lines 94--94
[]|\T5/cmr/m/n/12 Tr£ v∑ lÈi: \T5/cmr/m/it/12 "M™t kh©u
 []


Overfull \hbox (6.24153pt too wide) in paragraph at lines 96--96
[]|\T5/cmr/m/n/12 TC_LOGIN_011| 
 []


Overfull \hbox (26.77925pt too wide) in alignment at lines 69--99
 [] [] [] [] 
 []


Package fancyhdr Warning: \headheight is too small (12.0pt): 
(fancyhdr)                Make it at least 14.93912pt, for example:
(fancyhdr)                \setlength{\headheight}{14.93912pt}.
(fancyhdr)                You might also make \topmargin smaller:
(fancyhdr)                \addtolength{\topmargin}{-2.93912pt}.

[5]
(C:\Users\Admin\AppData\Local\Programs\MiKTeX\tex/latex/listings\lstlang1.sty
File: lstlang1.sty 2023/02/27 1.9 listings language file
)
(C:\Users\Admin\AppData\Local\Programs\MiKTeX\tex/latex/listings\lstlang1.sty
File: lstlang1.sty 2023/02/27 1.9 listings language file
)
LaTeX Font Info:    Font shape `T5/cmtt/bx/n' in size <10.95> not available
(Font)              Font shape `T5/cmtt/m/n' tried instead on input line 105.
<../bao_cao_unit_testing/images/login_validation_frontend.png, id=491, 485.5640
6pt x 261.22594pt>
File: ../bao_cao_unit_testing/images/login_validation_frontend.png Graphic file
 (type png)
<use ../bao_cao_unit_testing/images/login_validation_frontend.png>
Package pdftex.def Info: ../bao_cao_unit_testing/images/login_validation_fronte
nd.png  used on input line 110.
(pdftex.def)             Requested size: 386.96027pt x 208.17584pt.


LaTeX Warning: `h' float specifier changed to `ht'.


Package fancyhdr Warning: \headheight is too small (12.0pt): 
(fancyhdr)                Make it at least 14.93912pt, for example:
(fancyhdr)                \setlength{\headheight}{14.93912pt}.
(fancyhdr)                You might also make \topmargin smaller:
(fancyhdr)                \addtolength{\topmargin}{-2.93912pt}.

[6]

Package fancyhdr Warning: \headheight is too small (12.0pt): 
(fancyhdr)                Make it at least 14.93912pt, for example:
(fancyhdr)                \setlength{\headheight}{14.93912pt}.
(fancyhdr)                You might also make \topmargin smaller:
(fancyhdr)                \addtolength{\topmargin}{-2.93912pt}.

[7 <../bao_cao_unit_testing/images/login_validation_frontend.png>]
Overfull \hbox (2.37885pt too wide) in paragraph at lines 118--119
\T5/cmtt/m/n/12 AuthenticationManager\T5/cmr/m/n/12 , \T5/cmtt/m/n/12 JwtTokenP
rovider\T5/cmr/m/n/12 , \T5/cmtt/m/n/12 AppUserRepository \T5/cmr/m/n/12 v† \T5
/cmtt/m/n/12 PasswordEncoder\T5/cmr/m/n/12 . 
 []


Underfull \hbox (badness 1242) in paragraph at lines 142--142
[]|\T5/cmr/m/n/10 Khi thÊng tin ^^_´ng nh™p ^^_Ûng,
 []


Underfull \hbox (badness 10000) in paragraph at lines 142--142
\T5/cmr/m/n/10 hª thËng tr£ v∑ JWT To-
 []


Underfull \hbox (badness 6741) in paragraph at lines 142--142
\T5/cmr/m/n/10 ken v† thÊng tin user. Ki∫m
 []


Underfull \hbox (badness 10000) in paragraph at lines 142--142
\T5/cmr/m/n/10 tra \T5/cmtt/m/n/10 authenticationManager.
 []


Underfull \hbox (badness 10000) in paragraph at lines 142--142
\T5/cmtt/m/n/10 authenticate() \T5/cmr/m/n/10 v†
 []


Underfull \hbox (badness 10000) in paragraph at lines 142--142
\T5/cmtt/m/n/10 jwtTokenProvider.
 []


Underfull \hbox (badness 10000) in paragraph at lines 144--144
[]|\T5/cmr/m/n/10 Khi sai user-name ho∞c pass-
 []


Underfull \hbox (badness 10000) in paragraph at lines 144--144
\T5/cmtt/m/n/10 AuthenticationException\T5/cmr/m/n/10 . ^^^£m
 []


Underfull \hbox (badness 1418) in paragraph at lines 146--146
[]|\T5/cmr/m/n/10 Khi ^^_´ng k˛ mÓi hÒp lª (user-
 []


Underfull \hbox (badness 2285) in paragraph at lines 148--148
\T5/cmr/m/n/10 lÈi \T5/cmtt/m/n/10 RuntimeException \T5/cmr/m/n/10 vÓi thÊng
 []


Underfull \hbox (badness 1226) in paragraph at lines 148--148
\T5/cmr/m/n/10 b°o \T5/cmr/m/it/10 "LÈi: User-name ^^_¢ ^^_˜Òc s˚
 []


Underfull \hbox (badness 6978) in paragraph at lines 148--148
\T5/cmr/m/it/10 dˆng!"\T5/cmr/m/n/10 . ^^^£m b£o \T5/cmtt/m/n/10 repository.
 []

<../bao_cao_unit_testing/images/auth_service_backend.png, id=509, 730.22812pt x
 125.71968pt>
File: ../bao_cao_unit_testing/images/auth_service_backend.png Graphic file (typ
e png)
<use ../bao_cao_unit_testing/images/auth_service_backend.png>
Package pdftex.def Info: ../bao_cao_unit_testing/images/auth_service_backend.pn
g  used on input line 163.
(pdftex.def)             Requested size: 386.96027pt x 66.6215pt.

Package fancyhdr Warning: \headheight is too small (12.0pt): 
(fancyhdr)                Make it at least 14.93912pt, for example:
(fancyhdr)                \setlength{\headheight}{14.93912pt}.
(fancyhdr)                You might also make \topmargin smaller:
(fancyhdr)                \addtolength{\topmargin}{-2.93912pt}.

[8

 <../bao_cao_unit_testing/images/auth_service_backend.png>]
Overfull \hbox (1.39645pt too wide) in paragraph at lines 177--178
[]\T5/cmr/m/n/12 ChÛng em t™p trung ki∫m th˚ c°c h†m val-i-da-tion trong \T5/cm
tt/m/n/12 utils/productValidation.js
 []


Overfull \hbox (26.77925pt too wide) in alignment at lines 186--190
 [] [] [] [] 
 []


Overfull \hbox (26.77925pt too wide) in alignment at lines 190--197
 [] [] [] [] 
 []


Overfull \hbox (26.77925pt too wide) in alignment at lines 197--200
 [] [] [] [] 
 []


Overfull \hbox (26.77925pt too wide) in alignment at lines 200--203
 [] [] [] [] 
 []


Underfull \hbox (badness 2799) in paragraph at lines 207--207
[]|\T5/cmr/m/n/12 T∂n s£n ph©m rÈng ho∞c
 []


Underfull \hbox (badness 10000) in paragraph at lines 207--207
[]|\T5/cmr/m/n/12 LÈi: \T5/cmr/m/it/12 "T∂n s£n ph©m
 []


Underfull \hbox (badness 10000) in paragraph at lines 211--211
[]|\T5/cmr/m/n/12 LÈi: \T5/cmr/m/it/12 "T∂n s£n ph©m
 []


Underfull \hbox (badness 10000) in paragraph at lines 216--216
[]|\T5/cmr/m/n/12 LÈi: \T5/cmr/m/it/12 "Gi° s£n ph©m
 []


Underfull \hbox (badness 1158) in paragraph at lines 227--227
[]|\T5/cmr/m/n/12 SË l˜Òng l† sË th™p ph•n
 []


Underfull \hbox (badness 5161) in paragraph at lines 231--231
[]|\T5/cmr/m/n/12 LÈi: \T5/cmr/m/it/12 "SË l˜Òng khÊng
 []


Underfull \hbox (badness 3579) in paragraph at lines 245--245
[]|\T5/cmr/m/n/12 KhÊng c‚ lÈi (Ob-ject
 []


Overfull \hbox (26.77925pt too wide) in alignment at lines 203--248
 [] [] [] [] 
 []


Package fancyhdr Warning: \headheight is too small (12.0pt): 
(fancyhdr)                Make it at least 14.93912pt, for example:
(fancyhdr)                \setlength{\headheight}{14.93912pt}.
(fancyhdr)                You might also make \topmargin smaller:
(fancyhdr)                \addtolength{\topmargin}{-2.93912pt}.

[9]
<../bao_cao_unit_testing/images/product_validation_frontend.png, id=527, 493.09
22pt x 274.77657pt>
File: ../bao_cao_unit_testing/images/product_validation_frontend.png Graphic fi
le (type png)
<use ../bao_cao_unit_testing/images/product_validation_frontend.png>
Package pdftex.def Info: ../bao_cao_unit_testing/images/product_validation_fron
tend.png  used on input line 259.
(pdftex.def)             Requested size: 386.96027pt x 215.64555pt.

Overfull \hbox (9.25967pt too wide) in paragraph at lines 291--291
[]|\T5/cmtt/m/n/10 testCreateProductFailureDuplicateName|  
 []


Underfull \hbox (badness 10000) in paragraph at lines 291--291
\T5/cmr/m/n/10 ph©m. N≤m \T5/cmtt/m/n/10 RuntimeException\T5/cmr/m/n/10 ,
 []


Underfull \hbox (badness 10000) in paragraph at lines 291--291
\T5/cmr/m/n/10 ^^_£m b£o \T5/cmtt/m/n/10 repository.save()
 []


Underfull \hbox (badness 10000) in paragraph at lines 295--295
[]|\T5/cmr/m/n/10 C™p nh™t thßt b§i khi ID
 []


Underfull \hbox (badness 10000) in paragraph at lines 295--295
\T5/cmr/m/n/10 khÊng tÁn t§i $\OMS/cmsy/m/n/10 !$ \T5/cmr/m/n/10 N≤m lÈi
 []


Underfull \hbox (badness 1292) in paragraph at lines 297--297
[]|\T5/cmr/m/n/10 C™p nh™t thßt b§i khi t∂n mÓi
 []


Underfull \hbox (badness 10000) in paragraph at lines 309--309
[]|\T5/cmr/m/n/10 Lßy s£n ph©m theo ID
 []


Underfull \hbox (badness 10000) in paragraph at lines 309--309
\T5/cmr/m/n/10 khÊng tÁn t§i $\OMS/cmsy/m/n/10 !$ \T5/cmr/m/n/10 N≤m
 []


Package fancyhdr Warning: \headheight is too small (12.0pt): 
(fancyhdr)                Make it at least 14.93912pt, for example:
(fancyhdr)                \setlength{\headheight}{14.93912pt}.
(fancyhdr)                You might also make \topmargin smaller:
(fancyhdr)                \addtolength{\topmargin}{-2.93912pt}.

[10 <../bao_cao_unit_testing/images/product_validation_frontend.png>]
<../bao_cao_unit_testing/images/product_service_backend.png, id=538, 804.00375p
t x 267.24844pt>
File: ../bao_cao_unit_testing/images/product_service_backend.png Graphic file (
type png)
<use ../bao_cao_unit_testing/images/product_service_backend.png>
Package pdftex.def Info: ../bao_cao_unit_testing/images/product_service_backend
.png  used on input line 324.
(pdftex.def)             Requested size: 386.96027pt x 128.6244pt.

Overfull \hbox (1.6345pt too wide) in paragraph at lines 339--340
[]\T5/cmr/bx/n/12 Product Val-i-da-tion Mod-ule \T5/cmr/m/n/12 (\T5/cmtt/m/n/12
 productValidation.js\T5/cmr/m/n/12 ): ^^^§t \T5/cmr/bx/n/12 96.77% \T5/cmr/m/n
/12 State-ments,
 []


Package fancyhdr Warning: \headheight is too small (12.0pt): 
(fancyhdr)                Make it at least 14.93912pt, for example:
(fancyhdr)                \setlength{\headheight}{14.93912pt}.
(fancyhdr)                You might also make \topmargin smaller:
(fancyhdr)                \addtolength{\topmargin}{-2.93912pt}.

[11 <../bao_cao_unit_testing/images/product_service_backend.png>]
<../bao_cao_unit_testing/images/frontend_coverage.png, id=547, 1444.64719pt x 3
22.20375pt>
File: ../bao_cao_unit_testing/images/frontend_coverage.png Graphic file (type p
ng)
<use ../bao_cao_unit_testing/images/frontend_coverage.png>
Package pdftex.def Info: ../bao_cao_unit_testing/images/frontend_coverage.png  
used on input line 354.
(pdftex.def)             Requested size: 386.96027pt x 86.30295pt.
<../bao_cao_unit_testing/images/backend_coverage.png, id=548, 1444.64719pt x 21
7.5628pt>
File: ../bao_cao_unit_testing/images/backend_coverage.png Graphic file (type pn
g)
<use ../bao_cao_unit_testing/images/backend_coverage.png>
Package pdftex.def Info: ../bao_cao_unit_testing/images/backend_coverage.png  u
sed on input line 379.
(pdftex.def)             Requested size: 386.96027pt x 58.27466pt.


Package fancyhdr Warning: \headheight is too small (12.0pt): 
(fancyhdr)                Make it at least 14.93912pt, for example:
(fancyhdr)                \setlength{\headheight}{14.93912pt}.
(fancyhdr)                You might also make \topmargin smaller:
(fancyhdr)                \addtolength{\topmargin}{-2.93912pt}.

[12 <../bao_cao_unit_testing/images/frontend_coverage.png> <../bao_cao_unit_tes
ting/images/backend_coverage.png>]

Package fancyhdr Warning: \headheight is too small (12.0pt): 
(fancyhdr)                Make it at least 14.93912pt, for example:
(fancyhdr)                \setlength{\headheight}{14.93912pt}.
(fancyhdr)                You might also make \topmargin smaller:
(fancyhdr)                \addtolength{\topmargin}{-2.93912pt}.

[13]
Overfull \hbox (12.622pt too wide) in paragraph at lines 447--448
[]\T5/cmr/bx/n/12 Integration Tests\T5/cmr/m/n/12 : BÍ sung th∂m c°c test tΩch 
hÒp gi˙a Controller-Service-Repository. 
 []

)

Package fancyhdr Warning: \headheight is too small (12.0pt): 
(fancyhdr)                Make it at least 14.93912pt, for example:
(fancyhdr)                \setlength{\headheight}{14.93912pt}.
(fancyhdr)                You might also make \topmargin smaller:
(fancyhdr)                \addtolength{\topmargin}{-2.93912pt}.

[14]

Package fancyhdr Warning: \headheight is too small (12.0pt): 
(fancyhdr)                Make it at least 14.93912pt, for example:
(fancyhdr)                \setlength{\headheight}{14.93912pt}.
(fancyhdr)                You might also make \topmargin smaller:
(fancyhdr)                \addtolength{\topmargin}{-2.93912pt}.

[15]

Package fancyhdr Warning: \headheight is too small (12.0pt): 
(fancyhdr)                Make it at least 14.93912pt, for example:
(fancyhdr)                \setlength{\headheight}{14.93912pt}.
(fancyhdr)                You might also make \topmargin smaller:
(fancyhdr)                \addtolength{\topmargin}{-2.93912pt}.

[16]

Package fancyhdr Warning: \headheight is too small (12.0pt): 
(fancyhdr)                Make it at least 14.93912pt, for example:
(fancyhdr)                \setlength{\headheight}{14.93912pt}.
(fancyhdr)                You might also make \topmargin smaller:
(fancyhdr)                \addtolength{\topmargin}{-2.93912pt}.

[17] (../bao_cao_phan_mo_rong/BaoCao_PhanMoRong_Content.tex

Package fancyhdr Warning: \headheight is too small (12.0pt): 
(fancyhdr)                Make it at least 14.93912pt, for example:
(fancyhdr)                \setlength{\headheight}{14.93912pt}.
(fancyhdr)                You might also make \topmargin smaller:
(fancyhdr)                \addtolength{\topmargin}{-2.93912pt}.

[18]
<../bao_cao_phan_mo_rong/images/login_performance_test.png, id=603, 569.87906pt
 x 284.56313pt>
File: ../bao_cao_phan_mo_rong/images/login_performance_test.png Graphic file (t
ype png)
<use ../bao_cao_phan_mo_rong/images/login_performance_test.png>
Package pdftex.def Info: ../bao_cao_phan_mo_rong/images/login_performance_test.
png  used on input line 101.
(pdftex.def)             Requested size: 432.48051pt x 215.95325pt.


LaTeX Warning: `h' float specifier changed to `ht'.


Package fancyhdr Warning: \headheight is too small (12.0pt): 
(fancyhdr)                Make it at least 14.93912pt, for example:
(fancyhdr)                \setlength{\headheight}{14.93912pt}.
(fancyhdr)                You might also make \topmargin smaller:
(fancyhdr)                \addtolength{\topmargin}{-2.93912pt}.

[19

]

Package fancyhdr Warning: \headheight is too small (12.0pt): 
(fancyhdr)                Make it at least 14.93912pt, for example:
(fancyhdr)                \setlength{\headheight}{14.93912pt}.
(fancyhdr)                You might also make \topmargin smaller:
(fancyhdr)                \addtolength{\topmargin}{-2.93912pt}.

[20 <../bao_cao_phan_mo_rong/images/login_performance_test.png>]
<../bao_cao_phan_mo_rong/images/product_performance_test.png, id=631, 559.33969
pt x 285.31593pt>
File: ../bao_cao_phan_mo_rong/images/product_performance_test.png Graphic file 
(type png)
<use ../bao_cao_phan_mo_rong/images/product_performance_test.png>
Package pdftex.def Info: ../bao_cao_phan_mo_rong/images/product_performance_tes
t.png  used on input line 179.
(pdftex.def)             Requested size: 432.48051pt x 220.61255pt.


Package fancyhdr Warning: \headheight is too small (12.0pt): 
(fancyhdr)                Make it at least 14.93912pt, for example:
(fancyhdr)                \setlength{\headheight}{14.93912pt}.
(fancyhdr)                You might also make \topmargin smaller:
(fancyhdr)                \addtolength{\topmargin}{-2.93912pt}.

[21

 <../bao_cao_phan_mo_rong/images/product_performance_test.png>]
Overfull \hbox (14.24718pt too wide) in paragraph at lines 217--218
[]\T5/cmr/m/n/12 Error rate = 0.00% cho tßt c£ op-er-a-tions (CRE-ATE, READ, UP
-DATE, DELETE) 
 []


LaTeX Warning: `h' float specifier changed to `ht'.


Package fancyhdr Warning: \headheight is too small (12.0pt): 
(fancyhdr)                Make it at least 14.93912pt, for example:
(fancyhdr)                \setlength{\headheight}{14.93912pt}.
(fancyhdr)                You might also make \topmargin smaller:
(fancyhdr)                \addtolength{\topmargin}{-2.93912pt}.

[22

]

Package fancyhdr Warning: \headheight is too small (12.0pt): 
(fancyhdr)                Make it at least 14.93912pt, for example:
(fancyhdr)                \setlength{\headheight}{14.93912pt}.
(fancyhdr)                You might also make \topmargin smaller:
(fancyhdr)                \addtolength{\topmargin}{-2.93912pt}.

[23]

Package fancyhdr Warning: \headheight is too small (12.0pt): 
(fancyhdr)                Make it at least 14.93912pt, for example:
(fancyhdr)                \setlength{\headheight}{14.93912pt}.
(fancyhdr)                You might also make \topmargin smaller:
(fancyhdr)                \addtolength{\topmargin}{-2.93912pt}.

[24]
<../bao_cao_phan_mo_rong/images/response_time_analysis.png, id=669, 1004.553pt 
x 502.2765pt>
File: ../bao_cao_phan_mo_rong/images/response_time_analysis.png Graphic file (t
ype png)
<use ../bao_cao_phan_mo_rong/images/response_time_analysis.png>
Package pdftex.def Info: ../bao_cao_phan_mo_rong/images/response_time_analysis.
png  used on input line 376.
(pdftex.def)             Requested size: 386.96027pt x 193.48051pt.


Package fancyhdr Warning: \headheight is too small (12.0pt): 
(fancyhdr)                Make it at least 14.93912pt, for example:
(fancyhdr)                \setlength{\headheight}{14.93912pt}.
(fancyhdr)                You might also make \topmargin smaller:
(fancyhdr)                \addtolength{\topmargin}{-2.93912pt}.

[25 <../bao_cao_phan_mo_rong/images/response_time_analysis.png>]

Package fancyhdr Warning: \headheight is too small (12.0pt): 
(fancyhdr)                Make it at least 14.93912pt, for example:
(fancyhdr)                \setlength{\headheight}{14.93912pt}.
(fancyhdr)                You might also make \topmargin smaller:
(fancyhdr)                \addtolength{\topmargin}{-2.93912pt}.

[26]
(C:\Users\Admin\AppData\Local\Programs\MiKTeX\tex/latex/listings\lstlang1.sty
File: lstlang1.sty 2023/02/27 1.9 listings language file
)
<../bao_cao_phan_mo_rong/images/security_test_results.png, id=688, 718.18312pt 
x 430.60875pt>
File: ../bao_cao_phan_mo_rong/images/security_test_results.png Graphic file (ty
pe png)
<use ../bao_cao_phan_mo_rong/images/security_test_results.png>
Package pdftex.def Info: ../bao_cao_phan_mo_rong/images/security_test_results.p
ng  used on input line 542.
(pdftex.def)             Requested size: 386.96027pt x 232.01932pt.


LaTeX Warning: `h' float specifier changed to `ht'.


Overfull \hbox (38.30289pt too wide) in alignment at lines 551--555
 [] [] [] [] 
 []


Overfull \hbox (38.30289pt too wide) in alignment at lines 555--559
 [] [] [] [] 
 []


Underfull \hbox (badness 5008) in paragraph at lines 614--614
[]|\T5/cmr/m/n/12 Ki∫m tra HTTP se-cu-rity head-ers
 []


Overfull \hbox (38.30289pt too wide) in alignment at lines 559--619
 [] [] [] [] 
 []


Package fancyhdr Warning: \headheight is too small (12.0pt): 
(fancyhdr)                Make it at least 14.93912pt, for example:
(fancyhdr)                \setlength{\headheight}{14.93912pt}.
(fancyhdr)                You might also make \topmargin smaller:
(fancyhdr)                \addtolength{\topmargin}{-2.93912pt}.

[27]

Package fancyhdr Warning: \headheight is too small (12.0pt): 
(fancyhdr)                Make it at least 14.93912pt, for example:
(fancyhdr)                \setlength{\headheight}{14.93912pt}.
(fancyhdr)                You might also make \topmargin smaller:
(fancyhdr)                \addtolength{\topmargin}{-2.93912pt}.

[28 <../bao_cao_phan_mo_rong/images/security_test_results.png>]

Package fancyhdr Warning: \headheight is too small (12.0pt): 
(fancyhdr)                Make it at least 14.93912pt, for example:
(fancyhdr)                \setlength{\headheight}{14.93912pt}.
(fancyhdr)                You might also make \topmargin smaller:
(fancyhdr)                \addtolength{\topmargin}{-2.93912pt}.

[29]

Package fancyhdr Warning: \headheight is too small (12.0pt): 
(fancyhdr)                Make it at least 14.93912pt, for example:
(fancyhdr)                \setlength{\headheight}{14.93912pt}.
(fancyhdr)                You might also make \topmargin smaller:
(fancyhdr)                \addtolength{\topmargin}{-2.93912pt}.

[30]

Package fancyhdr Warning: \headheight is too small (12.0pt): 
(fancyhdr)                Make it at least 14.93912pt, for example:
(fancyhdr)                \setlength{\headheight}{14.93912pt}.
(fancyhdr)                You might also make \topmargin smaller:
(fancyhdr)                \addtolength{\topmargin}{-2.93912pt}.

[31]
LaTeX Font Info:    Font shape `T5/cmtt/bx/n' in size <8> not available
(Font)              Font shape `T5/cmtt/m/n' tried instead on input line 843.


Package fancyhdr Warning: \headheight is too small (12.0pt): 
(fancyhdr)                Make it at least 14.93912pt, for example:
(fancyhdr)                \setlength{\headheight}{14.93912pt}.
(fancyhdr)                You might also make \topmargin smaller:
(fancyhdr)                \addtolength{\topmargin}{-2.93912pt}.

[32]

Package fancyhdr Warning: \headheight is too small (12.0pt): 
(fancyhdr)                Make it at least 14.93912pt, for example:
(fancyhdr)                \setlength{\headheight}{14.93912pt}.
(fancyhdr)                You might also make \topmargin smaller:
(fancyhdr)                \addtolength{\topmargin}{-2.93912pt}.

[33]

Package fancyhdr Warning: \headheight is too small (12.0pt): 
(fancyhdr)                Make it at least 14.93912pt, for example:
(fancyhdr)                \setlength{\headheight}{14.93912pt}.
(fancyhdr)                You might also make \topmargin smaller:
(fancyhdr)                \addtolength{\topmargin}{-2.93912pt}.

[34])

Package fancyhdr Warning: \headheight is too small (12.0pt): 
(fancyhdr)                Make it at least 14.93912pt, for example:
(fancyhdr)                \setlength{\headheight}{14.93912pt}.
(fancyhdr)                You might also make \topmargin smaller:
(fancyhdr)                \addtolength{\topmargin}{-2.93912pt}.

[35]

Package fancyhdr Warning: \headheight is too small (12.0pt): 
(fancyhdr)                Make it at least 14.93912pt, for example:
(fancyhdr)                \setlength{\headheight}{14.93912pt}.
(fancyhdr)                You might also make \topmargin smaller:
(fancyhdr)                \addtolength{\topmargin}{-2.93912pt}.

[36]

Package fancyhdr Warning: \headheight is too small (12.0pt): 
(fancyhdr)                Make it at least 14.93912pt, for example:
(fancyhdr)                \setlength{\headheight}{14.93912pt}.
(fancyhdr)                You might also make \topmargin smaller:
(fancyhdr)                \addtolength{\topmargin}{-2.93912pt}.

[37]
Overfull \hbox (50.85652pt too wide) in paragraph at lines 355--356
[]\T5/cmr/m/n/12 OWASP Test-ing Guide, []$\T5/cmtt/m/n/12 https : / / owasp . o
rg / www-[]project-[]web-[]security-[]testing-[]guide/$[] 
 []


Package fancyhdr Warning: \headheight is too small (12.0pt): 
(fancyhdr)                Make it at least 14.93912pt, for example:
(fancyhdr)                \setlength{\headheight}{14.93912pt}.
(fancyhdr)                You might also make \topmargin smaller:
(fancyhdr)                \addtolength{\topmargin}{-2.93912pt}.

[38] (BaoCao_TongHop.aux)
 ***********
LaTeX2e <2023-11-01> patch level 1
L3 programming layer <2024-01-04>
 ***********


LaTeX Warning: Label(s) may have changed. Rerun to get cross-references right.

Package rerunfilecheck Info: File `BaoCao_TongHop.out' has not changed.
(rerunfilecheck)             Checksum: 3B1E81CBF000E460266876B46F87B33B;18139.
 ) 
Here is how much of TeX's memory you used:
 14022 strings out of 474486
 216055 string characters out of 5743754
 2161542 words of memory out of 5000000
 35711 multiletter control sequences out of 15000+600000
 576868 words of font info for 69 fonts, out of 8000000 for 9000
 1141 hyphenation exceptions out of 8191
 75i,12n,79p,527b,2085s stack positions out of 10000i,1000n,20000p,200000b,200000s
 <C:\Users\Admin\AppData\Local\MiKTeX\fonts/pk/ljfour/jknappen/ec/dpi600\tcrm
1200.pk><C:/Users/Admin/AppData/Local/Programs/MiKTeX/fonts/type1/public/amsfon
ts/cm/cmmi12.pfb><C:/Users/Admin/AppData/Local/Programs/MiKTeX/fonts/type1/publ
ic/amsfonts/cm/cmsy10.pfb><C:/Users/Admin/AppData/Local/Programs/MiKTeX/fonts/t
ype1/vntex/vnr/vnbx10.pfb><C:/Users/Admin/AppData/Local/Programs/MiKTeX/fonts/t
ype1/vntex/vnr/vnbx12.pfb><C:/Users/Admin/AppData/Local/Programs/MiKTeX/fonts/t
ype1/vntex/vnr/vnr10.pfb><C:/Users/Admin/AppData/Local/Programs/MiKTeX/fonts/ty
pe1/vntex/vnr/vnr12.pfb><C:/Users/Admin/AppData/Local/Programs/MiKTeX/fonts/typ
e1/vntex/vnr/vnr6.pfb><C:/Users/Admin/AppData/Local/Programs/MiKTeX/fonts/type1
/vntex/vnr/vnti10.pfb><C:/Users/Admin/AppData/Local/Programs/MiKTeX/fonts/type1
/vntex/vnr/vnti12.pfb><C:/Users/Admin/AppData/Local/Programs/MiKTeX/fonts/type1
/vntex/vnr/vntt10.pfb><C:/Users/Admin/AppData/Local/Programs/MiKTeX/fonts/type1
/vntex/vnr/vntt12.pfb><C:/Users/Admin/AppData/Local/Programs/MiKTeX/fonts/type1
/vntex/vnr/vntt8.pfb>
Output written on BaoCao_TongHop.pdf (39 pages, 888829 bytes).
PDF statistics:
 1083 PDF objects out of 1200 (max. 8388607)
 409 named destinations out of 1000 (max. 500000)
 779 words of extra memory for PDF output out of 10000 (max. 10000000)

