\BOOKMARK [1][-]{section*.3}{\376\377\000L\036\334\000I\000\040\000M\036\336\000\040\001\020\036\246\000U}{}% 1
\BOOKMARK [1][-]{section.1}{\376\377\000P\000h\000\342\000n\000\040\000t\000\355\000c\000h\000\040\000v\000\340\000\040\000T\000h\000i\036\277\000t\000\040\000k\036\277\000\040\000T\000e\000s\000t\000\040\000C\000a\000s\000e\000s}{}% 2
\BOOKMARK [2][-]{subsection.1.1}{\376\377\000G\000i\036\333\000i\000\040\000t\000h\000i\036\307\000u\000\040\000c\000h\001\260\001\241\000n\000g}{section.1}% 3
\BOOKMARK [2][-]{subsection.1.2}{\376\377\000L\000o\000g\000i\000n\000\040\000-\000\040\000P\000h\000\342\000n\000\040\000t\000\355\000c\000h\000\040\000v\000\340\000\040\000T\000e\000s\000t\000\040\000S\000c\000e\000n\000a\000r\000i\000o\000s}{section.1}% 4
\BOOKMARK [3][-]{subsubsection.1.2.1}{\376\377\000Y\000\352\000u\000\040\000c\036\247\000u\000\040\000c\000h\036\351\000c\000\040\000n\001\003\000n\000g}{subsection.1.2}% 5
\BOOKMARK [3][-]{subsubsection.1.2.2}{\376\377\000T\000e\000s\000t\000\040\000S\000c\000e\000n\000a\000r\000i\000o\000s}{subsection.1.2}% 6
\BOOKMARK [3][-]{subsubsection.1.2.3}{\376\377\000T\000h\000i\036\277\000t\000\040\000k\036\277\000\040\000T\000e\000s\000t\000\040\000C\000a\000s\000e\000s\000\040\000c\000h\000i\000\040\000t\000i\036\277\000t}{subsection.1.2}% 7
\BOOKMARK [2][-]{subsection.1.3}{\376\377\000P\000r\000o\000d\000u\000c\000t\000\040\000-\000\040\000P\000h\000\342\000n\000\040\000t\000\355\000c\000h\000\040\000v\000\340\000\040\000T\000e\000s\000t\000\040\000S\000c\000e\000n\000a\000r\000i\000o\000s}{section.1}% 8
\BOOKMARK [3][-]{subsubsection.1.3.1}{\376\377\000Y\000\352\000u\000\040\000c\036\247\000u\000\040\000c\000h\036\351\000c\000\040\000n\001\003\000n\000g}{subsection.1.3}% 9
\BOOKMARK [3][-]{subsubsection.1.3.2}{\376\377\000T\000e\000s\000t\000\040\000S\000c\000e\000n\000a\000r\000i\000o\000s}{subsection.1.3}% 10
\BOOKMARK [3][-]{subsubsection.1.3.3}{\376\377\000T\000h\000i\036\277\000t\000\040\000k\036\277\000\040\000T\000e\000s\000t\000\040\000C\000a\000s\000e\000s\000\040\000c\000h\000i\000\040\000t\000i\036\277\000t}{subsection.1.3}% 11
\BOOKMARK [1][-]{section.2}{\376\377\000U\000n\000i\000t\000\040\000T\000e\000s\000t\000i\000n\000g\000\040\000v\000\340\000\040\000T\000e\000s\000t\000-\000D\000r\000i\000v\000e\000n\000\040\000D\000e\000v\000e\000l\000o\000p\000m\000e\000n\000t\000\040\000\050\000T\000D\000D\000\051}{}% 12
\BOOKMARK [2][-]{subsection.2.1}{\376\377\000G\000i\036\333\000i\000\040\000t\000h\000i\036\307\000u\000\040\000c\000h\001\260\001\241\000n\000g}{section.2}% 13
\BOOKMARK [2][-]{subsection.2.2}{\376\377\000C\000\364\000n\000g\000\040\000c\036\345\000\040\000k\000i\036\303\000m\000\040\000t\000h\036\355}{section.2}% 14
\BOOKMARK [2][-]{subsection.2.3}{\376\377\000U\000n\000i\000t\000\040\000T\000e\000s\000t\000s\000\040\000c\000h\000o\000\040\000C\000h\036\351\000c\000\040\000n\001\003\000n\000g\000\040\001\020\001\003\000n\000g\000\040\000n\000h\036\255\000p\000\040\000\050\000L\000o\000g\000i\000n\000\051}{section.2}% 15
\BOOKMARK [3][-]{subsubsection.2.3.1}{\376\377\000F\000r\000o\000n\000t\000e\000n\000d\000\040\000U\000n\000i\000t\000\040\000T\000e\000s\000t\000s\000\040\000\050\000V\000a\000l\000i\000d\000a\000t\000i\000o\000n\000\040\000L\000o\000g\000i\000c\000\051}{subsection.2.3}% 16
\BOOKMARK [3][-]{subsubsection.2.3.2}{\376\377\000B\000a\000c\000k\000e\000n\000d\000\040\000U\000n\000i\000t\000\040\000T\000e\000s\000t\000s\000\040\000\050\000A\000u\000t\000h\000\040\000S\000e\000r\000v\000i\000c\000e\000\051}{subsection.2.3}% 17
\BOOKMARK [2][-]{subsection.2.4}{\376\377\000U\000n\000i\000t\000\040\000T\000e\000s\000t\000s\000\040\000c\000h\000o\000\040\000C\000h\036\351\000c\000\040\000n\001\003\000n\000g\000\040\000Q\000u\036\243\000n\000\040\000l\000\375\000\040\000S\036\243\000n\000\040\000p\000h\036\251\000m\000\040\000\050\000P\000r\000o\000d\000u\000c\000t\000\051}{section.2}% 18
\BOOKMARK [3][-]{subsubsection.2.4.1}{\376\377\000F\000r\000o\000n\000t\000e\000n\000d\000\040\000U\000n\000i\000t\000\040\000T\000e\000s\000t\000s\000\040\000\050\000V\000a\000l\000i\000d\000a\000t\000i\000o\000n\000\040\000\046\000\040\000C\000o\000m\000p\000o\000n\000e\000n\000t\000\051}{subsection.2.4}% 19
\BOOKMARK [3][-]{subsubsection.2.4.2}{\376\377\000B\000a\000c\000k\000e\000n\000d\000\040\000U\000n\000i\000t\000\040\000T\000e\000s\000t\000s\000\040\000\050\000P\000r\000o\000d\000u\000c\000t\000\040\000S\000e\000r\000v\000i\000c\000e\000\051}{subsection.2.4}% 20
\BOOKMARK [2][-]{subsection.2.5}{\376\377\000K\036\277\000t\000\040\000q\000u\036\243\000\040\001\020\036\331\000\040\000p\000h\036\347\000\040\000m\000\343\000\040\000n\000g\000u\036\323\000n\000\040\000\050\000C\000o\000d\000e\000\040\000C\000o\000v\000e\000r\000a\000g\000e\000\051}{section.2}% 21
\BOOKMARK [3][-]{subsubsection.2.5.1}{\376\377\000F\000r\000o\000n\000t\000e\000n\000d\000\040\000C\000o\000v\000e\000r\000a\000g\000e\000\040\000\050\000J\000e\000s\000t\000\051}{subsection.2.5}% 22
\BOOKMARK [3][-]{subsubsection.2.5.2}{\376\377\000B\000a\000c\000k\000e\000n\000d\000\040\000C\000o\000v\000e\000r\000a\000g\000e\000\040\000\050\000J\000a\000C\000o\000C\000o\000\051}{subsection.2.5}% 23
\BOOKMARK [3][-]{subsubsection.2.5.3}{\376\377\000P\000h\000\342\000n\000\040\000t\000\355\000c\000h\000\040\000c\000h\000i\000\040\000t\000i\036\277\000t\000\040\000C\000o\000v\000e\000r\000a\000g\000e}{subsection.2.5}% 24
\BOOKMARK [2][-]{subsection.2.6}{\376\377\000K\036\277\000t\000\040\000l\000u\036\255\000n}{section.2}% 25
\BOOKMARK [1][-]{section.3}{\376\377\000I\000n\000t\000e\000g\000r\000a\000t\000i\000o\000n\000\040\000T\000e\000s\000t\000i\000n\000g}{}% 26
\BOOKMARK [2][-]{subsection.3.1}{\376\377\000G\000i\036\333\000i\000\040\000t\000h\000i\036\307\000u\000\040\000c\000h\001\260\001\241\000n\000g}{section.3}% 27
\BOOKMARK [2][-]{subsection.3.2}{\376\377\000L\000o\000g\000i\000n\000\040\000-\000\040\000I\000n\000t\000e\000g\000r\000a\000t\000i\000o\000n\000\040\000T\000e\000s\000t\000i\000n\000g}{section.3}% 28
\BOOKMARK [3][-]{subsubsection.3.2.1}{\376\377\000F\000r\000o\000n\000t\000e\000n\000d\000\040\000C\000o\000m\000p\000o\000n\000e\000n\000t\000\040\000I\000n\000t\000e\000g\000r\000a\000t\000i\000o\000n}{subsection.3.2}% 29
\BOOKMARK [3][-]{subsubsection.3.2.2}{\376\377\000B\000a\000c\000k\000e\000n\000d\000\040\000A\000P\000I\000\040\000I\000n\000t\000e\000g\000r\000a\000t\000i\000o\000n}{subsection.3.2}% 30
\BOOKMARK [2][-]{subsection.3.3}{\376\377\000P\000r\000o\000d\000u\000c\000t\000\040\000-\000\040\000I\000n\000t\000e\000g\000r\000a\000t\000i\000o\000n\000\040\000T\000e\000s\000t\000i\000n\000g}{section.3}% 31
\BOOKMARK [3][-]{subsubsection.3.3.1}{\376\377\000F\000r\000o\000n\000t\000e\000n\000d\000\040\000C\000o\000m\000p\000o\000n\000e\000n\000t\000\040\000I\000n\000t\000e\000g\000r\000a\000t\000i\000o\000n}{subsection.3.3}% 32
\BOOKMARK [3][-]{subsubsection.3.3.2}{\376\377\000B\000a\000c\000k\000e\000n\000d\000\040\000A\000P\000I\000\040\000I\000n\000t\000e\000g\000r\000a\000t\000i\000o\000n}{subsection.3.3}% 33
\BOOKMARK [1][-]{section.4}{\376\377\000M\000o\000c\000k\000\040\000T\000e\000s\000t\000i\000n\000g}{}% 34
\BOOKMARK [2][-]{subsection.4.1}{\376\377\000G\000i\036\333\000i\000\040\000t\000h\000i\036\307\000u\000\040\000c\000h\001\260\001\241\000n\000g}{section.4}% 35
\BOOKMARK [2][-]{subsection.4.2}{\376\377\000L\000o\000g\000i\000n\000\040\000-\000\040\000M\000o\000c\000k\000\040\000T\000e\000s\000t\000i\000n\000g}{section.4}% 36
\BOOKMARK [2][-]{subsection.4.3}{\376\377\000P\000r\000o\000d\000u\000c\000t\000\040\000-\000\040\000M\000o\000c\000k\000\040\000T\000e\000s\000t\000i\000n\000g}{section.4}% 37
\BOOKMARK [1][-]{section.5}{\376\377\000A\000u\000t\000o\000m\000a\000t\000i\000o\000n\000\040\000T\000e\000s\000t\000i\000n\000g\000\040\000v\000\340\000\040\000C\000I\000/\000C\000D}{}% 38
\BOOKMARK [2][-]{subsection.5.1}{\376\377\000G\000i\036\333\000i\000\040\000t\000h\000i\036\307\000u\000\040\000c\000h\001\260\001\241\000n\000g}{section.5}% 39
\BOOKMARK [2][-]{subsection.5.2}{\376\377\000L\000o\000g\000i\000n\000\040\000-\000\040\000E\0002\000E\000\040\000A\000u\000t\000o\000m\000a\000t\000i\000o\000n\000\040\000T\000e\000s\000t\000i\000n\000g}{section.5}% 40
\BOOKMARK [2][-]{subsection.5.3}{\376\377\000P\000r\000o\000d\000u\000c\000t\000\040\000-\000\040\000E\0002\000E\000\040\000A\000u\000t\000o\000m\000a\000t\000i\000o\000n\000\040\000T\000e\000s\000t\000i\000n\000g}{section.5}% 41
\BOOKMARK [1][-]{section.6}{\376\377\000P\000h\036\247\000n\000\040\000M\036\337\000\040\000R\036\331\000n\000g}{}% 42
\BOOKMARK [2][-]{subsection.6.1}{\376\377\000G\000i\036\333\000i\000\040\000t\000h\000i\036\307\000u\000\040\000c\000h\001\260\001\241\000n\000g}{section.6}% 43
\BOOKMARK [2][-]{subsection.6.2}{\376\377\000P\000e\000r\000f\000o\000r\000m\000a\000n\000c\000e\000\040\000T\000e\000s\000t\000i\000n\000g}{section.6}% 44
\BOOKMARK [2][-]{subsection.6.3}{\376\377\000K\036\277\000t\000\040\000q\000u\036\243\000\040\000P\000e\000r\000f\000o\000r\000m\000a\000n\000c\000e\000\040\000T\000e\000s\000t\000i\000n\000g}{section.6}% 45
\BOOKMARK [2][-]{subsection.6.4}{\376\377\000S\000t\000r\000e\000s\000s\000\040\000T\000e\000s\000t\000\040\000-\000\040\000T\000\354\000m\000\040\000B\000r\000e\000a\000k\000i\000n\000g\000\040\000P\000o\000i\000n\000t}{section.6}% 46
\BOOKMARK [2][-]{subsection.6.5}{\376\377\000P\000h\000\342\000n\000\040\000t\000\355\000c\000h\000\040\000P\000e\000r\000f\000o\000r\000m\000a\000n\000c\000e}{section.6}% 47
\BOOKMARK [3][-]{subsubsection.6.5.1}{\376\377\000R\000e\000s\000p\000o\000n\000s\000e\000\040\000T\000i\000m\000e\000\040\000A\000n\000a\000l\000y\000s\000i\000s}{subsection.6.5}% 48
\BOOKMARK [3][-]{subsubsection.6.5.2}{\376\377\000S\000o\000\040\000s\000\341\000n\000h\000\040\000L\000o\000g\000i\000n\000\040\000A\000P\000I\000\040\000v\000s\000\040\000P\000r\000o\000d\000u\000c\000t\000\040\000A\000P\000I}{subsection.6.5}% 49
\BOOKMARK [2][-]{subsection.6.6}{\376\377\000S\000e\000c\000u\000r\000i\000t\000y\000\040\000T\000e\000s\000t\000i\000n\000g}{section.6}% 50
\BOOKMARK [2][-]{subsection.6.7}{\376\377\000P\000h\000\342\000n\000\040\000t\000\355\000c\000h\000\040\000k\036\277\000t\000\040\000q\000u\036\243}{section.6}% 51
\BOOKMARK [2][-]{subsection.6.8}{\376\377\000K\036\277\000t\000\040\000l\000u\036\255\000n}{section.6}% 52
\BOOKMARK [3][-]{subsubsection.6.8.1}{\376\377\000K\000h\000u\000y\036\277\000n\000\040\000n\000g\000h\036\313\000\040\000c\036\243\000i\000\040\000t\000h\000i\036\307\000n}{subsection.6.8}% 53
\BOOKMARK [1][-]{section*.18}{\376\377\000K\036\276\000T\000\040\000L\000U\036\254\000N}{}% 54
\BOOKMARK [1][-]{section*.23}{\376\377\000T\000\300\000I\000\040\000L\000I\036\306\000U\000\040\000T\000H\000A\000M\000\040\000K\000H\036\242\000O}{}% 55
